{"__type":"$$EventMessageAudit","id":"335dc1d8-51e5-49b2-93de-fb3764dd83ed","ts":"2025-12-28T07:47:56.031+00:00","eventName":"n8n.audit.workflow.created","message":"n8n.audit.workflow.created","payload":{"userId":"940fa1a9-236b-4475-9616-ce47d20ec635","_email":"medalichaabane2017@gmail.com","_firstName":"Mohamed Ali","_lastName":"Chaabane","globalRole":"global:owner","workflowId":"Os1A4bU4wnWGFEe2","workflowName":"REAL-TIME FRAUD MONITOR"}}
{"__type":"$$EventMessageConfirm","confirm":"335dc1d8-51e5-49b2-93de-fb3764dd83ed","ts":"2025-12-28T07:47:56.032+00:00","source":{"id":"0","name":"eventBus"}}
{"__type":"$$EventMessageAudit","id":"a7a9b771-7438-483a-8648-de683fde3327","ts":"2025-12-28T07:49:08.406+00:00","eventName":"n8n.audit.workflow.updated","message":"n8n.audit.workflow.updated","payload":{"userId":"940fa1a9-236b-4475-9616-ce47d20ec635","_email":"medalichaabane2017@gmail.com","_firstName":"Mohamed Ali","_lastName":"Chaabane","globalRole":"global:owner","workflowId":"Os1A4bU4wnWGFEe2","workflowName":"Real-Time Fraud Monitor"}}
{"__type":"$$EventMessageConfirm","confirm":"a7a9b771-7438-483a-8648-de683fde3327","ts":"2025-12-28T07:49:08.406+00:00","source":{"id":"0","name":"eventBus"}}
{"__type":"$$EventMessageAudit","id":"bf374f99-f0b3-453c-921b-4b75b4b71f45","ts":"2025-12-28T07:49:34.827+00:00","eventName":"n8n.audit.workflow.created","message":"n8n.audit.workflow.created","payload":{"userId":"940fa1a9-236b-4475-9616-ce47d20ec635","_email":"medalichaabane2017@gmail.com","_firstName":"Mohamed Ali","_lastName":"Chaabane","globalRole":"global:owner","workflowId":"6aIMlP6e7nk17REc","workflowName":"DAILY FRAUD REPORT"}}
{"__type":"$$EventMessageConfirm","confirm":"bf374f99-f0b3-453c-921b-4b75b4b71f45","ts":"2025-12-28T07:49:34.828+00:00","source":{"id":"0","name":"eventBus"}}
{"__type":"$$EventMessageAudit","id":"67f38e18-cff0-43cb-83cb-6373819cbcf4","ts":"2025-12-28T07:50:45.138+00:00","eventName":"n8n.audit.workflow.updated","message":"n8n.audit.workflow.updated","payload":{"userId":"940fa1a9-236b-4475-9616-ce47d20ec635","_email":"medalichaabane2017@gmail.com","_firstName":"Mohamed Ali","_lastName":"Chaabane","globalRole":"global:owner","workflowId":"6aIMlP6e7nk17REc","workflowName":"Daily Fraud Report"}}
{"__type":"$$EventMessageConfirm","confirm":"67f38e18-cff0-43cb-83cb-6373819cbcf4","ts":"2025-12-28T07:50:45.138+00:00","source":{"id":"0","name":"eventBus"}}
{"__type":"$$EventMessageAudit","id":"4042aa9c-73fc-4f5f-8707-2695de0d6ea3","ts":"2025-12-28T07:51:23.993+00:00","eventName":"n8n.audit.workflow.created","message":"n8n.audit.workflow.created","payload":{"userId":"940fa1a9-236b-4475-9616-ce47d20ec635","_email":"medalichaabane2017@gmail.com","_firstName":"Mohamed Ali","_lastName":"Chaabane","globalRole":"global:owner","workflowId":"ducukkeEXQKfkWxO","workflowName":"Transaction Webhook Checker"}}
{"__type":"$$EventMessageConfirm","confirm":"4042aa9c-73fc-4f5f-8707-2695de0d6ea3","ts":"2025-12-28T07:51:23.993+00:00","source":{"id":"0","name":"eventBus"}}
{"__type":"$$EventMessageAudit","id":"8fdf007c-090a-4c7b-8997-22adb2a4bd4b","ts":"2025-12-28T08:51:37.299+00:00","eventName":"n8n.audit.user.credentials.created","message":"n8n.audit.user.credentials.created","payload":{"userId":"940fa1a9-236b-4475-9616-ce47d20ec635","_email":"medalichaabane2017@gmail.com","_firstName":"Mohamed Ali","_lastName":"Chaabane","globalRole":"global:owner","credentialType":"slackApi","credentialId":"LodvfsBT2cIONhb2","publicApi":false,"projectId":"lctW7OWbcOXNV1Ie","projectType":"personal"}}
{"__type":"$$EventMessageConfirm","confirm":"8fdf007c-090a-4c7b-8997-22adb2a4bd4b","ts":"2025-12-28T08:51:37.299+00:00","source":{"id":"0","name":"eventBus"}}
{"__type":"$$EventMessageAudit","id":"50e63693-9893-4975-b1dd-21a02759c45b","ts":"2025-12-28T03:54:23.584-05:00","eventName":"n8n.audit.workflow.updated","message":"n8n.audit.workflow.updated","payload":{"userId":"940fa1a9-236b-4475-9616-ce47d20ec635","_email":"medalichaabane2017@gmail.com","_firstName":"Mohamed Ali","_lastName":"Chaabane","globalRole":"global:owner","workflowId":"Os1A4bU4wnWGFEe2","workflowName":"Real-Time Fraud Monitor"}}
{"__type":"$$EventMessageConfirm","confirm":"50e63693-9893-4975-b1dd-21a02759c45b","ts":"2025-12-28T03:54:23.585-05:00","source":{"id":"0","name":"eventBus"}}
{"__type":"$$EventMessageAudit","id":"c71922c7-fb98-4fcf-a6b9-cbc4034da9a4","ts":"2025-12-28T04:28:46.290-05:00","eventName":"n8n.audit.user.credentials.created","message":"n8n.audit.user.credentials.created","payload":{"userId":"940fa1a9-236b-4475-9616-ce47d20ec635","_email":"medalichaabane2017@gmail.com","_firstName":"Mohamed Ali","_lastName":"Chaabane","globalRole":"global:owner","credentialType":"gmailOAuth2","credentialId":"hpYMqBTMeAljj8mm","publicApi":false,"projectId":"lctW7OWbcOXNV1Ie","projectType":"personal"}}
{"__type":"$$EventMessageConfirm","confirm":"c71922c7-fb98-4fcf-a6b9-cbc4034da9a4","ts":"2025-12-28T04:28:46.290-05:00","source":{"id":"0","name":"eventBus"}}
{"__type":"$$EventMessageAudit","id":"33d6e9f1-8791-44e0-9e29-3e96a4951929","ts":"2025-12-28T04:29:14.134-05:00","eventName":"n8n.audit.user.credentials.updated","message":"n8n.audit.user.credentials.updated","payload":{"userId":"940fa1a9-236b-4475-9616-ce47d20ec635","_email":"medalichaabane2017@gmail.com","_firstName":"Mohamed Ali","_lastName":"Chaabane","globalRole":"global:owner","credentialType":"gmailOAuth2","credentialId":"hpYMqBTMeAljj8mm"}}
{"__type":"$$EventMessageConfirm","confirm":"33d6e9f1-8791-44e0-9e29-3e96a4951929","ts":"2025-12-28T04:29:14.134-05:00","source":{"id":"0","name":"eventBus"}}
{"__type":"$$EventMessageWorkflow","id":"eed7f9b9-b4e7-4df2-801d-64c40d601c08","ts":"2025-12-28T04:31:37.190-05:00","eventName":"n8n.workflow.started","message":"n8n.workflow.started","payload":{"executionId":"1","workflowId":"Os1A4bU4wnWGFEe2","isManual":false,"workflowName":"Real-Time Fraud Monitor"}}
{"__type":"$$EventMessageConfirm","confirm":"eed7f9b9-b4e7-4df2-801d-64c40d601c08","ts":"2025-12-28T04:31:37.191-05:00","source":{"id":"0","name":"eventBus"}}
{"__type":"$$EventMessageNode","id":"9eeafd77-7e8c-43d7-9cae-09e40d09928a","ts":"2025-12-28T04:31:37.192-05:00","eventName":"n8n.node.started","message":"n8n.node.started","payload":{"workflowId":"Os1A4bU4wnWGFEe2","workflowName":"Real-Time Fraud Monitor","executionId":"1","nodeType":"n8n-nodes-base.scheduleTrigger","nodeName":"Every 5 Minutes","nodeId":"ed85a8fd-f08c-4727-9f8f-65c69e095681"}}
{"__type":"$$EventMessageConfirm","confirm":"9eeafd77-7e8c-43d7-9cae-09e40d09928a","ts":"2025-12-28T04:31:37.192-05:00","source":{"id":"0","name":"eventBus"}}
{"__type":"$$EventMessageNode","id":"3c725301-ca8d-4473-bcae-8b0b7eb3ff0b","ts":"2025-12-28T04:31:37.211-05:00","eventName":"n8n.node.finished","message":"n8n.node.finished","payload":{"workflowId":"Os1A4bU4wnWGFEe2","workflowName":"Real-Time Fraud Monitor","executionId":"1","nodeType":"n8n-nodes-base.scheduleTrigger","nodeName":"Every 5 Minutes","nodeId":"ed85a8fd-f08c-4727-9f8f-65c69e095681"}}
{"__type":"$$EventMessageConfirm","confirm":"3c725301-ca8d-4473-bcae-8b0b7eb3ff0b","ts":"2025-12-28T04:31:37.212-05:00","source":{"id":"0","name":"eventBus"}}
{"__type":"$$EventMessageNode","id":"6d3c1f57-059d-4ce2-8284-9f2c576a9f4b","ts":"2025-12-28T04:31:37.213-05:00","eventName":"n8n.node.started","message":"n8n.node.started","payload":{"workflowId":"Os1A4bU4wnWGFEe2","workflowName":"Real-Time Fraud Monitor","executionId":"1","nodeType":"n8n-nodes-base.httpRequest","nodeName":"Get Suspicious Devices","nodeId":"0576eeef-7a97-48e4-9510-4e2a9f66ac42"}}
{"__type":"$$EventMessageConfirm","confirm":"6d3c1f57-059d-4ce2-8284-9f2c576a9f4b","ts":"2025-12-28T04:31:37.213-05:00","source":{"id":"0","name":"eventBus"}}
{"__type":"$$EventMessageNode","id":"b3ef59b0-2b28-4ece-88ff-ef22397d05cf","ts":"2025-12-28T04:31:37.370-05:00","eventName":"n8n.node.finished","message":"n8n.node.finished","payload":{"workflowId":"Os1A4bU4wnWGFEe2","workflowName":"Real-Time Fraud Monitor","executionId":"1","nodeType":"n8n-nodes-base.httpRequest","nodeName":"Get Suspicious Devices","nodeId":"0576eeef-7a97-48e4-9510-4e2a9f66ac42"}}
{"__type":"$$EventMessageConfirm","confirm":"b3ef59b0-2b28-4ece-88ff-ef22397d05cf","ts":"2025-12-28T04:31:37.370-05:00","source":{"id":"0","name":"eventBus"}}
{"__type":"$$EventMessageWorkflow","id":"3e7b19dc-eb3b-4e30-a726-72a27ede8cab","ts":"2025-12-28T04:31:37.376-05:00","eventName":"n8n.workflow.failed","message":"n8n.workflow.failed","payload":{"userId":"940fa1a9-236b-4475-9616-ce47d20ec635","executionId":"1","success":false,"isManual":true,"workflowId":"Os1A4bU4wnWGFEe2","workflowName":"Real-Time Fraud Monitor","lastNodeExecuted":"Get Suspicious Devices","errorNodeType":"n8n-nodes-base.httpRequest","errorMessage":"The service refused the connection - perhaps it is offline"}}
{"__type":"$$EventMessageConfirm","confirm":"3e7b19dc-eb3b-4e30-a726-72a27ede8cab","ts":"2025-12-28T04:31:37.376-05:00","source":{"id":"0","name":"eventBus"}}
{"__type":"$$EventMessageWorkflow","id":"c045d691-2b1c-473c-8e8f-2aeb047a1592","ts":"2025-12-28T04:32:32.108-05:00","eventName":"n8n.workflow.started","message":"n8n.workflow.started","payload":{"executionId":"2","workflowId":"Os1A4bU4wnWGFEe2","isManual":false,"workflowName":"Real-Time Fraud Monitor"}}
{"__type":"$$EventMessageConfirm","confirm":"c045d691-2b1c-473c-8e8f-2aeb047a1592","ts":"2025-12-28T04:32:32.108-05:00","source":{"id":"0","name":"eventBus"}}
{"__type":"$$EventMessageNode","id":"eeae572f-ba29-4d07-807c-e97d97489dd6","ts":"2025-12-28T04:32:32.109-05:00","eventName":"n8n.node.started","message":"n8n.node.started","payload":{"workflowId":"Os1A4bU4wnWGFEe2","workflowName":"Real-Time Fraud Monitor","executionId":"2","nodeType":"n8n-nodes-base.scheduleTrigger","nodeName":"Every 5 Minutes","nodeId":"ed85a8fd-f08c-4727-9f8f-65c69e095681"}}
{"__type":"$$EventMessageConfirm","confirm":"eeae572f-ba29-4d07-807c-e97d97489dd6","ts":"2025-12-28T04:32:32.110-05:00","source":{"id":"0","name":"eventBus"}}
{"__type":"$$EventMessageNode","id":"4cf5bdee-14f2-4ec0-9376-b0491ffa9258","ts":"2025-12-28T04:32:32.112-05:00","eventName":"n8n.node.finished","message":"n8n.node.finished","payload":{"workflowId":"Os1A4bU4wnWGFEe2","workflowName":"Real-Time Fraud Monitor","executionId":"2","nodeType":"n8n-nodes-base.scheduleTrigger","nodeName":"Every 5 Minutes","nodeId":"ed85a8fd-f08c-4727-9f8f-65c69e095681"}}
{"__type":"$$EventMessageConfirm","confirm":"4cf5bdee-14f2-4ec0-9376-b0491ffa9258","ts":"2025-12-28T04:32:32.112-05:00","source":{"id":"0","name":"eventBus"}}
{"__type":"$$EventMessageNode","id":"fe51cb6e-7679-41ac-b5f5-a835730edddc","ts":"2025-12-28T04:32:32.112-05:00","eventName":"n8n.node.started","message":"n8n.node.started","payload":{"workflowId":"Os1A4bU4wnWGFEe2","workflowName":"Real-Time Fraud Monitor","executionId":"2","nodeType":"n8n-nodes-base.httpRequest","nodeName":"Get Suspicious Devices","nodeId":"0576eeef-7a97-48e4-9510-4e2a9f66ac42"}}
{"__type":"$$EventMessageConfirm","confirm":"fe51cb6e-7679-41ac-b5f5-a835730edddc","ts":"2025-12-28T04:32:32.112-05:00","source":{"id":"0","name":"eventBus"}}
{"__type":"$$EventMessageNode","id":"d8fddaa5-6d02-4688-8424-c5a4ae45ee59","ts":"2025-12-28T04:32:40.656-05:00","eventName":"n8n.node.finished","message":"n8n.node.finished","payload":{"workflowId":"Os1A4bU4wnWGFEe2","workflowName":"Real-Time Fraud Monitor","executionId":"2","nodeType":"n8n-nodes-base.httpRequest","nodeName":"Get Suspicious Devices","nodeId":"0576eeef-7a97-48e4-9510-4e2a9f66ac42"}}
{"__type":"$$EventMessageConfirm","confirm":"d8fddaa5-6d02-4688-8424-c5a4ae45ee59","ts":"2025-12-28T04:32:40.656-05:00","source":{"id":"0","name":"eventBus"}}
{"__type":"$$EventMessageNode","id":"9f310814-625b-493c-8298-9d12d26b9da5","ts":"2025-12-28T04:32:40.657-05:00","eventName":"n8n.node.started","message":"n8n.node.started","payload":{"workflowId":"Os1A4bU4wnWGFEe2","workflowName":"Real-Time Fraud Monitor","executionId":"2","nodeType":"n8n-nodes-base.if","nodeName":"Devices Found?","nodeId":"5ab9de77-3a78-4dc7-a43b-2792c69dba60"}}
{"__type":"$$EventMessageConfirm","confirm":"9f310814-625b-493c-8298-9d12d26b9da5","ts":"2025-12-28T04:32:40.657-05:00","source":{"id":"0","name":"eventBus"}}
{"__type":"$$EventMessageNode","id":"7a96946a-bb15-4dd7-9431-ad44ae7f4834","ts":"2025-12-28T04:32:40.675-05:00","eventName":"n8n.node.finished","message":"n8n.node.finished","payload":{"workflowId":"Os1A4bU4wnWGFEe2","workflowName":"Real-Time Fraud Monitor","executionId":"2","nodeType":"n8n-nodes-base.if","nodeName":"Devices Found?","nodeId":"5ab9de77-3a78-4dc7-a43b-2792c69dba60"}}
{"__type":"$$EventMessageConfirm","confirm":"7a96946a-bb15-4dd7-9431-ad44ae7f4834","ts":"2025-12-28T04:32:40.676-05:00","source":{"id":"0","name":"eventBus"}}
{"__type":"$$EventMessageNode","id":"66214e83-0b48-4914-8208-8bdb17bb1a31","ts":"2025-12-28T04:32:40.676-05:00","eventName":"n8n.node.started","message":"n8n.node.started","payload":{"workflowId":"Os1A4bU4wnWGFEe2","workflowName":"Real-Time Fraud Monitor","executionId":"2","nodeType":"n8n-nodes-base.noOp","nodeName":"No Action Needed","nodeId":"092810b3-1de7-4f7a-ac15-c8e9e358ea74"}}
{"__type":"$$EventMessageConfirm","confirm":"66214e83-0b48-4914-8208-8bdb17bb1a31","ts":"2025-12-28T04:32:40.676-05:00","source":{"id":"0","name":"eventBus"}}
{"__type":"$$EventMessageNode","id":"09289c8c-d995-434e-9cba-28b2d99e691c","ts":"2025-12-28T04:32:40.677-05:00","eventName":"n8n.node.finished","message":"n8n.node.finished","payload":{"workflowId":"Os1A4bU4wnWGFEe2","workflowName":"Real-Time Fraud Monitor","executionId":"2","nodeType":"n8n-nodes-base.noOp","nodeName":"No Action Needed","nodeId":"092810b3-1de7-4f7a-ac15-c8e9e358ea74"}}
{"__type":"$$EventMessageConfirm","confirm":"09289c8c-d995-434e-9cba-28b2d99e691c","ts":"2025-12-28T04:32:40.677-05:00","source":{"id":"0","name":"eventBus"}}
{"__type":"$$EventMessageWorkflow","id":"b9699dc6-8c39-41b2-aaf4-1b7e6fb07230","ts":"2025-12-28T04:32:40.682-05:00","eventName":"n8n.workflow.success","message":"n8n.workflow.success","payload":{"userId":"940fa1a9-236b-4475-9616-ce47d20ec635","executionId":"2","success":true,"isManual":true,"workflowId":"Os1A4bU4wnWGFEe2","workflowName":"Real-Time Fraud Monitor"}}
{"__type":"$$EventMessageConfirm","confirm":"b9699dc6-8c39-41b2-aaf4-1b7e6fb07230","ts":"2025-12-28T04:32:40.683-05:00","source":{"id":"0","name":"eventBus"}}
{"__type":"$$EventMessageWorkflow","id":"c04bbfeb-a618-4781-a81a-0473f459d29f","ts":"2025-12-28T04:33:14.428-05:00","eventName":"n8n.workflow.started","message":"n8n.workflow.started","payload":{"executionId":"3","workflowId":"Os1A4bU4wnWGFEe2","isManual":false,"workflowName":"Real-Time Fraud Monitor"}}
{"__type":"$$EventMessageConfirm","confirm":"c04bbfeb-a618-4781-a81a-0473f459d29f","ts":"2025-12-28T04:33:14.428-05:00","source":{"id":"0","name":"eventBus"}}
{"__type":"$$EventMessageNode","id":"4556237c-9e64-4219-8347-e0bca8b025ea","ts":"2025-12-28T04:33:14.429-05:00","eventName":"n8n.node.started","message":"n8n.node.started","payload":{"workflowId":"Os1A4bU4wnWGFEe2","workflowName":"Real-Time Fraud Monitor","executionId":"3","nodeType":"n8n-nodes-base.scheduleTrigger","nodeName":"Every 5 Minutes","nodeId":"ed85a8fd-f08c-4727-9f8f-65c69e095681"}}
{"__type":"$$EventMessageConfirm","confirm":"4556237c-9e64-4219-8347-e0bca8b025ea","ts":"2025-12-28T04:33:14.429-05:00","source":{"id":"0","name":"eventBus"}}
{"__type":"$$EventMessageNode","id":"079e4fce-3641-4051-a011-1aed36b7efa7","ts":"2025-12-28T04:33:14.431-05:00","eventName":"n8n.node.finished","message":"n8n.node.finished","payload":{"workflowId":"Os1A4bU4wnWGFEe2","workflowName":"Real-Time Fraud Monitor","executionId":"3","nodeType":"n8n-nodes-base.scheduleTrigger","nodeName":"Every 5 Minutes","nodeId":"ed85a8fd-f08c-4727-9f8f-65c69e095681"}}
{"__type":"$$EventMessageConfirm","confirm":"079e4fce-3641-4051-a011-1aed36b7efa7","ts":"2025-12-28T04:33:14.431-05:00","source":{"id":"0","name":"eventBus"}}
{"__type":"$$EventMessageNode","id":"b80fd75e-3d28-4581-bed4-d3eb973204e5","ts":"2025-12-28T04:33:14.431-05:00","eventName":"n8n.node.started","message":"n8n.node.started","payload":{"workflowId":"Os1A4bU4wnWGFEe2","workflowName":"Real-Time Fraud Monitor","executionId":"3","nodeType":"n8n-nodes-base.httpRequest","nodeName":"Get Suspicious Devices","nodeId":"0576eeef-7a97-48e4-9510-4e2a9f66ac42"}}
{"__type":"$$EventMessageConfirm","confirm":"b80fd75e-3d28-4581-bed4-d3eb973204e5","ts":"2025-12-28T04:33:14.432-05:00","source":{"id":"0","name":"eventBus"}}
{"__type":"$$EventMessageNode","id":"7053d029-84a7-4638-a0e9-a03d17a39e7c","ts":"2025-12-28T04:33:17.304-05:00","eventName":"n8n.node.finished","message":"n8n.node.finished","payload":{"workflowId":"Os1A4bU4wnWGFEe2","workflowName":"Real-Time Fraud Monitor","executionId":"3","nodeType":"n8n-nodes-base.httpRequest","nodeName":"Get Suspicious Devices","nodeId":"0576eeef-7a97-48e4-9510-4e2a9f66ac42"}}
{"__type":"$$EventMessageConfirm","confirm":"7053d029-84a7-4638-a0e9-a03d17a39e7c","ts":"2025-12-28T04:33:17.304-05:00","source":{"id":"0","name":"eventBus"}}
{"__type":"$$EventMessageNode","id":"9e914625-a145-4699-9c5a-d82d97de23a6","ts":"2025-12-28T04:33:17.304-05:00","eventName":"n8n.node.started","message":"n8n.node.started","payload":{"workflowId":"Os1A4bU4wnWGFEe2","workflowName":"Real-Time Fraud Monitor","executionId":"3","nodeType":"n8n-nodes-base.if","nodeName":"Devices Found?","nodeId":"5ab9de77-3a78-4dc7-a43b-2792c69dba60"}}
{"__type":"$$EventMessageConfirm","confirm":"9e914625-a145-4699-9c5a-d82d97de23a6","ts":"2025-12-28T04:33:17.304-05:00","source":{"id":"0","name":"eventBus"}}
{"__type":"$$EventMessageNode","id":"e8481005-b184-4e10-b598-edece6a7aeb9","ts":"2025-12-28T04:33:17.309-05:00","eventName":"n8n.node.finished","message":"n8n.node.finished","payload":{"workflowId":"Os1A4bU4wnWGFEe2","workflowName":"Real-Time Fraud Monitor","executionId":"3","nodeType":"n8n-nodes-base.if","nodeName":"Devices Found?","nodeId":"5ab9de77-3a78-4dc7-a43b-2792c69dba60"}}
{"__type":"$$EventMessageConfirm","confirm":"e8481005-b184-4e10-b598-edece6a7aeb9","ts":"2025-12-28T04:33:17.310-05:00","source":{"id":"0","name":"eventBus"}}
{"__type":"$$EventMessageNode","id":"a23182f9-91d0-48d6-8ce7-2aa6e150d008","ts":"2025-12-28T04:33:17.310-05:00","eventName":"n8n.node.started","message":"n8n.node.started","payload":{"workflowId":"Os1A4bU4wnWGFEe2","workflowName":"Real-Time Fraud Monitor","executionId":"3","nodeType":"n8n-nodes-base.noOp","nodeName":"No Action Needed","nodeId":"092810b3-1de7-4f7a-ac15-c8e9e358ea74"}}
{"__type":"$$EventMessageConfirm","confirm":"a23182f9-91d0-48d6-8ce7-2aa6e150d008","ts":"2025-12-28T04:33:17.311-05:00","source":{"id":"0","name":"eventBus"}}
{"__type":"$$EventMessageNode","id":"6ec1d041-baac-4167-85f6-e91d8140be53","ts":"2025-12-28T04:33:17.311-05:00","eventName":"n8n.node.finished","message":"n8n.node.finished","payload":{"workflowId":"Os1A4bU4wnWGFEe2","workflowName":"Real-Time Fraud Monitor","executionId":"3","nodeType":"n8n-nodes-base.noOp","nodeName":"No Action Needed","nodeId":"092810b3-1de7-4f7a-ac15-c8e9e358ea74"}}
{"__type":"$$EventMessageConfirm","confirm":"6ec1d041-baac-4167-85f6-e91d8140be53","ts":"2025-12-28T04:33:17.313-05:00","source":{"id":"0","name":"eventBus"}}
{"__type":"$$EventMessageWorkflow","id":"eb0ba081-32e7-4dab-8f6b-e2c6c7510f8e","ts":"2025-12-28T04:33:17.317-05:00","eventName":"n8n.workflow.success","message":"n8n.workflow.success","payload":{"userId":"940fa1a9-236b-4475-9616-ce47d20ec635","executionId":"3","success":true,"isManual":true,"workflowId":"Os1A4bU4wnWGFEe2","workflowName":"Real-Time Fraud Monitor"}}
{"__type":"$$EventMessageConfirm","confirm":"eb0ba081-32e7-4dab-8f6b-e2c6c7510f8e","ts":"2025-12-28T04:33:17.317-05:00","source":{"id":"0","name":"eventBus"}}
{"__type":"$$EventMessageAudit","id":"98977377-def4-40f1-acd5-6ecf3dc40719","ts":"2025-12-28T04:47:10.111-05:00","eventName":"n8n.audit.user.credentials.created","message":"n8n.audit.user.credentials.created","payload":{"userId":"940fa1a9-236b-4475-9616-ce47d20ec635","_email":"medalichaabane2017@gmail.com","_firstName":"Mohamed Ali","_lastName":"Chaabane","globalRole":"global:owner","credentialType":"gmailOAuth2","credentialId":"X3wpLqU5pAskRcY3","publicApi":false,"projectId":"lctW7OWbcOXNV1Ie","projectType":"personal"}}
{"__type":"$$EventMessageConfirm","confirm":"98977377-def4-40f1-acd5-6ecf3dc40719","ts":"2025-12-28T04:47:10.111-05:00","source":{"id":"0","name":"eventBus"}}
{"__type":"$$EventMessageAudit","id":"ebe86ab2-38e4-4585-be08-40aba1fa3077","ts":"2025-12-28T04:49:37.172-05:00","eventName":"n8n.audit.workflow.updated","message":"n8n.audit.workflow.updated","payload":{"userId":"940fa1a9-236b-4475-9616-ce47d20ec635","_email":"medalichaabane2017@gmail.com","_firstName":"Mohamed Ali","_lastName":"Chaabane","globalRole":"global:owner","workflowId":"Os1A4bU4wnWGFEe2","workflowName":"Real-Time Fraud Monitor"}}
{"__type":"$$EventMessageConfirm","confirm":"ebe86ab2-38e4-4585-be08-40aba1fa3077","ts":"2025-12-28T04:49:37.172-05:00","source":{"id":"0","name":"eventBus"}}
{"__type":"$$EventMessageAudit","id":"32c7ce23-0c7d-4799-ae0c-03a85f90e6c9","ts":"2025-12-28T04:49:55.649-05:00","eventName":"n8n.audit.user.credentials.deleted","message":"n8n.audit.user.credentials.deleted","payload":{"userId":"940fa1a9-236b-4475-9616-ce47d20ec635","_email":"medalichaabane2017@gmail.com","_firstName":"Mohamed Ali","_lastName":"Chaabane","globalRole":"global:owner","credentialType":"gmailOAuth2","credentialId":"hpYMqBTMeAljj8mm"}}
{"__type":"$$EventMessageConfirm","confirm":"32c7ce23-0c7d-4799-ae0c-03a85f90e6c9","ts":"2025-12-28T04:49:55.649-05:00","source":{"id":"0","name":"eventBus"}}
{"__type":"$$EventMessageAudit","id":"9cb90845-806c-49ed-ba0d-21a42ba54613","ts":"2025-12-28T04:51:21.664-05:00","eventName":"n8n.audit.workflow.updated","message":"n8n.audit.workflow.updated","payload":{"userId":"940fa1a9-236b-4475-9616-ce47d20ec635","_email":"medalichaabane2017@gmail.com","_firstName":"Mohamed Ali","_lastName":"Chaabane","globalRole":"global:owner","workflowId":"Os1A4bU4wnWGFEe2","workflowName":"Real-Time Fraud Monitor"}}
{"__type":"$$EventMessageConfirm","confirm":"9cb90845-806c-49ed-ba0d-21a42ba54613","ts":"2025-12-28T04:51:21.664-05:00","source":{"id":"0","name":"eventBus"}}
{"__type":"$$EventMessageWorkflow","id":"b1e466ac-54a2-47b8-a87e-b806879ae01c","ts":"2025-12-28T04:51:36.114-05:00","eventName":"n8n.workflow.failed","message":"n8n.workflow.failed","payload":{"userId":"940fa1a9-236b-4475-9616-ce47d20ec635","executionId":"4","success":false,"isManual":true,"workflowId":"Os1A4bU4wnWGFEe2","workflowName":"Real-Time Fraud Monitor","errorMessage":"The workflow has issues and cannot be executed for that reason. Please fix them first."}}
{"__type":"$$EventMessageConfirm","confirm":"b1e466ac-54a2-47b8-a87e-b806879ae01c","ts":"2025-12-28T04:51:36.114-05:00","source":{"id":"0","name":"eventBus"}}
{"__type":"$$EventMessageWorkflow","id":"9c2fb77d-acbd-4928-ac20-8a53c0a21bba","ts":"2025-12-28T04:52:17.543-05:00","eventName":"n8n.workflow.failed","message":"n8n.workflow.failed","payload":{"userId":"940fa1a9-236b-4475-9616-ce47d20ec635","executionId":"5","success":false,"isManual":true,"workflowId":"Os1A4bU4wnWGFEe2","workflowName":"Real-Time Fraud Monitor","errorMessage":"The workflow has issues and cannot be executed for that reason. Please fix them first."}}
{"__type":"$$EventMessageConfirm","confirm":"9c2fb77d-acbd-4928-ac20-8a53c0a21bba","ts":"2025-12-28T04:52:17.543-05:00","source":{"id":"0","name":"eventBus"}}
{"__type":"$$EventMessageWorkflow","id":"192f8ec9-7249-40e4-b534-66caa85b04c2","ts":"2025-12-28T04:52:46.721-05:00","eventName":"n8n.workflow.started","message":"n8n.workflow.started","payload":{"executionId":"6","workflowId":"Os1A4bU4wnWGFEe2","isManual":false,"workflowName":"Real-Time Fraud Monitor"}}
{"__type":"$$EventMessageConfirm","confirm":"192f8ec9-7249-40e4-b534-66caa85b04c2","ts":"2025-12-28T04:52:46.721-05:00","source":{"id":"0","name":"eventBus"}}
{"__type":"$$EventMessageNode","id":"8906f039-e13d-410d-8a7b-7e5ef1602ec0","ts":"2025-12-28T04:52:46.722-05:00","eventName":"n8n.node.started","message":"n8n.node.started","payload":{"workflowId":"Os1A4bU4wnWGFEe2","workflowName":"Real-Time Fraud Monitor","executionId":"6","nodeType":"n8n-nodes-base.scheduleTrigger","nodeName":"Every 5 Minutes","nodeId":"ed85a8fd-f08c-4727-9f8f-65c69e095681"}}
{"__type":"$$EventMessageConfirm","confirm":"8906f039-e13d-410d-8a7b-7e5ef1602ec0","ts":"2025-12-28T04:52:46.722-05:00","source":{"id":"0","name":"eventBus"}}
{"__type":"$$EventMessageNode","id":"d0d7b707-6c24-458b-aaee-438302d3ccfa","ts":"2025-12-28T04:52:46.728-05:00","eventName":"n8n.node.finished","message":"n8n.node.finished","payload":{"workflowId":"Os1A4bU4wnWGFEe2","workflowName":"Real-Time Fraud Monitor","executionId":"6","nodeType":"n8n-nodes-base.scheduleTrigger","nodeName":"Every 5 Minutes","nodeId":"ed85a8fd-f08c-4727-9f8f-65c69e095681"}}
{"__type":"$$EventMessageConfirm","confirm":"d0d7b707-6c24-458b-aaee-438302d3ccfa","ts":"2025-12-28T04:52:46.729-05:00","source":{"id":"0","name":"eventBus"}}
{"__type":"$$EventMessageNode","id":"e8e2679a-cb1b-4dd8-9373-4456d24ca362","ts":"2025-12-28T04:52:46.729-05:00","eventName":"n8n.node.started","message":"n8n.node.started","payload":{"workflowId":"Os1A4bU4wnWGFEe2","workflowName":"Real-Time Fraud Monitor","executionId":"6","nodeType":"n8n-nodes-base.httpRequest","nodeName":"Get Suspicious Devices","nodeId":"0576eeef-7a97-48e4-9510-4e2a9f66ac42"}}
{"__type":"$$EventMessageConfirm","confirm":"e8e2679a-cb1b-4dd8-9373-4456d24ca362","ts":"2025-12-28T04:52:46.729-05:00","source":{"id":"0","name":"eventBus"}}
{"__type":"$$EventMessageNode","id":"5c5cb8b2-b499-43a2-8720-8a6b7768dfb4","ts":"2025-12-28T04:52:53.112-05:00","eventName":"n8n.node.finished","message":"n8n.node.finished","payload":{"workflowId":"Os1A4bU4wnWGFEe2","workflowName":"Real-Time Fraud Monitor","executionId":"6","nodeType":"n8n-nodes-base.httpRequest","nodeName":"Get Suspicious Devices","nodeId":"0576eeef-7a97-48e4-9510-4e2a9f66ac42"}}
{"__type":"$$EventMessageConfirm","confirm":"5c5cb8b2-b499-43a2-8720-8a6b7768dfb4","ts":"2025-12-28T04:52:53.112-05:00","source":{"id":"0","name":"eventBus"}}
{"__type":"$$EventMessageNode","id":"dcc57e77-6b5b-4320-a3a3-9a7f93299b15","ts":"2025-12-28T04:52:53.113-05:00","eventName":"n8n.node.started","message":"n8n.node.started","payload":{"workflowId":"Os1A4bU4wnWGFEe2","workflowName":"Real-Time Fraud Monitor","executionId":"6","nodeType":"n8n-nodes-base.if","nodeName":"Devices Found?","nodeId":"5ab9de77-3a78-4dc7-a43b-2792c69dba60"}}
{"__type":"$$EventMessageConfirm","confirm":"dcc57e77-6b5b-4320-a3a3-9a7f93299b15","ts":"2025-12-28T04:52:53.113-05:00","source":{"id":"0","name":"eventBus"}}
{"__type":"$$EventMessageNode","id":"f6c7b3e0-fc76-4df4-9a13-05f345a3016b","ts":"2025-12-28T04:52:53.124-05:00","eventName":"n8n.node.finished","message":"n8n.node.finished","payload":{"workflowId":"Os1A4bU4wnWGFEe2","workflowName":"Real-Time Fraud Monitor","executionId":"6","nodeType":"n8n-nodes-base.if","nodeName":"Devices Found?","nodeId":"5ab9de77-3a78-4dc7-a43b-2792c69dba60"}}
{"__type":"$$EventMessageConfirm","confirm":"f6c7b3e0-fc76-4df4-9a13-05f345a3016b","ts":"2025-12-28T04:52:53.124-05:00","source":{"id":"0","name":"eventBus"}}
{"__type":"$$EventMessageWorkflow","id":"ca63a7fe-32e9-49b3-9c7a-5fbf61f82861","ts":"2025-12-28T04:52:53.128-05:00","eventName":"n8n.workflow.success","message":"n8n.workflow.success","payload":{"userId":"940fa1a9-236b-4475-9616-ce47d20ec635","executionId":"6","success":true,"isManual":true,"workflowId":"Os1A4bU4wnWGFEe2","workflowName":"Real-Time Fraud Monitor"}}
{"__type":"$$EventMessageConfirm","confirm":"ca63a7fe-32e9-49b3-9c7a-5fbf61f82861","ts":"2025-12-28T04:52:53.128-05:00","source":{"id":"0","name":"eventBus"}}
{"__type":"$$EventMessageAudit","id":"cfdd58b0-a79a-4c25-9a7f-f6cfa78d1db3","ts":"2025-12-28T04:53:49.583-05:00","eventName":"n8n.audit.workflow.updated","message":"n8n.audit.workflow.updated","payload":{"userId":"940fa1a9-236b-4475-9616-ce47d20ec635","_email":"medalichaabane2017@gmail.com","_firstName":"Mohamed Ali","_lastName":"Chaabane","globalRole":"global:owner","workflowId":"Os1A4bU4wnWGFEe2","workflowName":"Real-Time Fraud Monitor"}}
{"__type":"$$EventMessageConfirm","confirm":"cfdd58b0-a79a-4c25-9a7f-f6cfa78d1db3","ts":"2025-12-28T04:53:49.583-05:00","source":{"id":"0","name":"eventBus"}}
{"__type":"$$EventMessageAudit","id":"b10c32c3-6713-42c5-b959-3b00636f7a28","ts":"2025-12-28T07:46:04.682-05:00","eventName":"n8n.audit.user.credentials.created","message":"n8n.audit.user.credentials.created","payload":{"userId":"940fa1a9-236b-4475-9616-ce47d20ec635","_email":"medalichaabane2017@gmail.com","_firstName":"Mohamed Ali","_lastName":"Chaabane","globalRole":"global:owner","credentialType":"slackApi","credentialId":"kuhC0gAYNGiTyrR6","publicApi":false,"projectId":"lctW7OWbcOXNV1Ie","projectType":"personal"}}
{"__type":"$$EventMessageConfirm","confirm":"b10c32c3-6713-42c5-b959-3b00636f7a28","ts":"2025-12-28T07:46:04.683-05:00","source":{"id":"0","name":"eventBus"}}
{"__type":"$$EventMessageAudit","id":"a2208f19-be42-4bbb-bf85-7c9c4f11afbd","ts":"2025-12-28T07:53:43.267-05:00","eventName":"n8n.audit.user.credentials.created","message":"n8n.audit.user.credentials.created","payload":{"userId":"940fa1a9-236b-4475-9616-ce47d20ec635","_email":"medalichaabane2017@gmail.com","_firstName":"Mohamed Ali","_lastName":"Chaabane","globalRole":"global:owner","credentialType":"slackApi","credentialId":"ylylLSegMLBGDkPp","publicApi":false,"projectId":"lctW7OWbcOXNV1Ie","projectType":"personal"}}
{"__type":"$$EventMessageConfirm","confirm":"a2208f19-be42-4bbb-bf85-7c9c4f11afbd","ts":"2025-12-28T07:53:43.268-05:00","source":{"id":"0","name":"eventBus"}}
{"__type":"$$EventMessageAudit","id":"c20a7302-d872-46a7-a9b9-396fb0e53531","ts":"2025-12-28T07:58:16.338-05:00","eventName":"n8n.audit.workflow.updated","message":"n8n.audit.workflow.updated","payload":{"userId":"940fa1a9-236b-4475-9616-ce47d20ec635","_email":"medalichaabane2017@gmail.com","_firstName":"Mohamed Ali","_lastName":"Chaabane","globalRole":"global:owner","workflowId":"ducukkeEXQKfkWxO","workflowName":"Transaction Webhook Checker"}}
{"__type":"$$EventMessageConfirm","confirm":"c20a7302-d872-46a7-a9b9-396fb0e53531","ts":"2025-12-28T07:58:16.339-05:00","source":{"id":"0","name":"eventBus"}}
{"__type":"$$EventMessageAudit","id":"98eabc3c-d47e-437e-8ebb-76abbde940e7","ts":"2025-12-28T07:58:29.296-05:00","eventName":"n8n.audit.user.credentials.deleted","message":"n8n.audit.user.credentials.deleted","payload":{"userId":"940fa1a9-236b-4475-9616-ce47d20ec635","_email":"medalichaabane2017@gmail.com","_firstName":"Mohamed Ali","_lastName":"Chaabane","globalRole":"global:owner","credentialType":"slackApi","credentialId":"kuhC0gAYNGiTyrR6"}}
{"__type":"$$EventMessageConfirm","confirm":"98eabc3c-d47e-437e-8ebb-76abbde940e7","ts":"2025-12-28T07:58:29.296-05:00","source":{"id":"0","name":"eventBus"}}
{"__type":"$$EventMessageAudit","id":"11933319-fb3b-409d-8d84-9c1f1029c4e0","ts":"2025-12-28T07:58:34.201-05:00","eventName":"n8n.audit.user.credentials.deleted","message":"n8n.audit.user.credentials.deleted","payload":{"userId":"940fa1a9-236b-4475-9616-ce47d20ec635","_email":"medalichaabane2017@gmail.com","_firstName":"Mohamed Ali","_lastName":"Chaabane","globalRole":"global:owner","credentialType":"slackApi","credentialId":"LodvfsBT2cIONhb2"}}
{"__type":"$$EventMessageConfirm","confirm":"11933319-fb3b-409d-8d84-9c1f1029c4e0","ts":"2025-12-28T07:58:34.201-05:00","source":{"id":"0","name":"eventBus"}}
{"__type":"$$EventMessageAudit","id":"dfc618ae-cac7-4622-b5f4-371d1977418f","ts":"2025-12-28T07:58:37.745-05:00","eventName":"n8n.audit.user.credentials.deleted","message":"n8n.audit.user.credentials.deleted","payload":{"userId":"940fa1a9-236b-4475-9616-ce47d20ec635","_email":"medalichaabane2017@gmail.com","_firstName":"Mohamed Ali","_lastName":"Chaabane","globalRole":"global:owner","credentialType":"slackApi","credentialId":"ylylLSegMLBGDkPp"}}
{"__type":"$$EventMessageConfirm","confirm":"dfc618ae-cac7-4622-b5f4-371d1977418f","ts":"2025-12-28T07:58:37.745-05:00","source":{"id":"0","name":"eventBus"}}
{"__type":"$$EventMessageAudit","id":"5cb2c185-b8cc-48d1-93fb-9f00eb7158d2","ts":"2025-12-28T08:04:38.500-05:00","eventName":"n8n.audit.user.credentials.created","message":"n8n.audit.user.credentials.created","payload":{"userId":"940fa1a9-236b-4475-9616-ce47d20ec635","_email":"medalichaabane2017@gmail.com","_firstName":"Mohamed Ali","_lastName":"Chaabane","globalRole":"global:owner","credentialType":"slackApi","credentialId":"ikqp0oKNRRbfhWCW","publicApi":false,"projectId":"lctW7OWbcOXNV1Ie","projectType":"personal"}}
{"__type":"$$EventMessageConfirm","confirm":"5cb2c185-b8cc-48d1-93fb-9f00eb7158d2","ts":"2025-12-28T08:04:38.500-05:00","source":{"id":"0","name":"eventBus"}}
{"__type":"$$EventMessageAudit","id":"a94aed90-db70-42f8-96a3-f491ae8cdc11","ts":"2025-12-28T08:09:57.195-05:00","eventName":"n8n.audit.workflow.updated","message":"n8n.audit.workflow.updated","payload":{"userId":"940fa1a9-236b-4475-9616-ce47d20ec635","_email":"medalichaabane2017@gmail.com","_firstName":"Mohamed Ali","_lastName":"Chaabane","globalRole":"global:owner","workflowId":"ducukkeEXQKfkWxO","workflowName":"Transaction Webhook Checker"}}
{"__type":"$$EventMessageConfirm","confirm":"a94aed90-db70-42f8-96a3-f491ae8cdc11","ts":"2025-12-28T08:09:57.195-05:00","source":{"id":"0","name":"eventBus"}}
{"__type":"$$EventMessageAudit","id":"6a188d2b-2a75-45c7-b363-b4bbde050a89","ts":"2025-12-28T08:10:15.376-05:00","eventName":"n8n.audit.workflow.updated","message":"n8n.audit.workflow.updated","payload":{"userId":"940fa1a9-236b-4475-9616-ce47d20ec635","_email":"medalichaabane2017@gmail.com","_firstName":"Mohamed Ali","_lastName":"Chaabane","globalRole":"global:owner","workflowId":"ducukkeEXQKfkWxO","workflowName":"Transaction Webhook Checker"}}
{"__type":"$$EventMessageConfirm","confirm":"6a188d2b-2a75-45c7-b363-b4bbde050a89","ts":"2025-12-28T08:10:15.376-05:00","source":{"id":"0","name":"eventBus"}}
{"__type":"$$EventMessageAudit","id":"b0e5a9a1-bee8-499e-9be7-bd7727488a40","ts":"2025-12-28T08:19:07.274-05:00","eventName":"n8n.audit.user.credentials.updated","message":"n8n.audit.user.credentials.updated","payload":{"userId":"940fa1a9-236b-4475-9616-ce47d20ec635","_email":"medalichaabane2017@gmail.com","_firstName":"Mohamed Ali","_lastName":"Chaabane","globalRole":"global:owner","credentialType":"slackApi","credentialId":"ikqp0oKNRRbfhWCW"}}
{"__type":"$$EventMessageConfirm","confirm":"b0e5a9a1-bee8-499e-9be7-bd7727488a40","ts":"2025-12-28T08:19:07.274-05:00","source":{"id":"0","name":"eventBus"}}
{"__type":"$$EventMessageAudit","id":"2fd311b1-5743-48b5-bf02-57d424209362","ts":"2025-12-28T08:19:18.907-05:00","eventName":"n8n.audit.user.credentials.deleted","message":"n8n.audit.user.credentials.deleted","payload":{"userId":"940fa1a9-236b-4475-9616-ce47d20ec635","_email":"medalichaabane2017@gmail.com","_firstName":"Mohamed Ali","_lastName":"Chaabane","globalRole":"global:owner","credentialType":"slackApi","credentialId":"ikqp0oKNRRbfhWCW"}}
{"__type":"$$EventMessageConfirm","confirm":"2fd311b1-5743-48b5-bf02-57d424209362","ts":"2025-12-28T08:19:18.907-05:00","source":{"id":"0","name":"eventBus"}}
{"__type":"$$EventMessageAudit","id":"f06cd24f-d30d-4dbd-817a-cfe05591f695","ts":"2025-12-28T08:19:34.080-05:00","eventName":"n8n.audit.user.credentials.created","message":"n8n.audit.user.credentials.created","payload":{"userId":"940fa1a9-236b-4475-9616-ce47d20ec635","_email":"medalichaabane2017@gmail.com","_firstName":"Mohamed Ali","_lastName":"Chaabane","globalRole":"global:owner","credentialType":"slackApi","credentialId":"oZ9p9eultiZhybBd","publicApi":false,"projectId":"lctW7OWbcOXNV1Ie","projectType":"personal"}}
{"__type":"$$EventMessageConfirm","confirm":"f06cd24f-d30d-4dbd-817a-cfe05591f695","ts":"2025-12-28T08:19:34.080-05:00","source":{"id":"0","name":"eventBus"}}
{"__type":"$$EventMessageAudit","id":"f792680f-450d-4a24-b57b-72ce9b234269","ts":"2025-12-28T08:20:17.741-05:00","eventName":"n8n.audit.user.credentials.updated","message":"n8n.audit.user.credentials.updated","payload":{"userId":"940fa1a9-236b-4475-9616-ce47d20ec635","_email":"medalichaabane2017@gmail.com","_firstName":"Mohamed Ali","_lastName":"Chaabane","globalRole":"global:owner","credentialType":"slackApi","credentialId":"oZ9p9eultiZhybBd"}}
{"__type":"$$EventMessageConfirm","confirm":"f792680f-450d-4a24-b57b-72ce9b234269","ts":"2025-12-28T08:20:17.741-05:00","source":{"id":"0","name":"eventBus"}}
{"__type":"$$EventMessageAudit","id":"7bd4d0fd-2c9d-45bc-8f2b-0ced4a0c5b9c","ts":"2025-12-28T08:25:23.639-05:00","eventName":"n8n.audit.workflow.updated","message":"n8n.audit.workflow.updated","payload":{"userId":"940fa1a9-236b-4475-9616-ce47d20ec635","_email":"medalichaabane2017@gmail.com","_firstName":"Mohamed Ali","_lastName":"Chaabane","globalRole":"global:owner","workflowId":"ducukkeEXQKfkWxO","workflowName":"Transaction Webhook Checker"}}
{"__type":"$$EventMessageConfirm","confirm":"7bd4d0fd-2c9d-45bc-8f2b-0ced4a0c5b9c","ts":"2025-12-28T08:25:23.639-05:00","source":{"id":"0","name":"eventBus"}}
{"__type":"$$EventMessageWorkflow","id":"10f8cfcf-9ab6-4921-925a-74957e859263","ts":"2025-12-28T08:36:38.165-05:00","eventName":"n8n.workflow.started","message":"n8n.workflow.started","payload":{"executionId":"7","workflowId":"Os1A4bU4wnWGFEe2","isManual":false,"workflowName":"Real-Time Fraud Monitor - Fixed"}}
{"__type":"$$EventMessageConfirm","confirm":"10f8cfcf-9ab6-4921-925a-74957e859263","ts":"2025-12-28T08:36:38.166-05:00","source":{"id":"0","name":"eventBus"}}
{"__type":"$$EventMessageNode","id":"e05b8527-1195-4fce-984f-ca52984a5888","ts":"2025-12-28T08:36:38.167-05:00","eventName":"n8n.node.started","message":"n8n.node.started","payload":{"workflowId":"Os1A4bU4wnWGFEe2","workflowName":"Real-Time Fraud Monitor - Fixed","executionId":"7","nodeType":"n8n-nodes-base.scheduleTrigger","nodeName":"Every 5 Minutes1","nodeId":"e4acd07b-6250-4aa3-b497-c49434325c7f"}}
{"__type":"$$EventMessageConfirm","confirm":"e05b8527-1195-4fce-984f-ca52984a5888","ts":"2025-12-28T08:36:38.167-05:00","source":{"id":"0","name":"eventBus"}}
{"__type":"$$EventMessageNode","id":"4091c44d-2216-4261-8013-967447198e80","ts":"2025-12-28T08:36:38.177-05:00","eventName":"n8n.node.finished","message":"n8n.node.finished","payload":{"workflowId":"Os1A4bU4wnWGFEe2","workflowName":"Real-Time Fraud Monitor - Fixed","executionId":"7","nodeType":"n8n-nodes-base.scheduleTrigger","nodeName":"Every 5 Minutes1","nodeId":"e4acd07b-6250-4aa3-b497-c49434325c7f"}}
{"__type":"$$EventMessageConfirm","confirm":"4091c44d-2216-4261-8013-967447198e80","ts":"2025-12-28T08:36:38.177-05:00","source":{"id":"0","name":"eventBus"}}
{"__type":"$$EventMessageNode","id":"aacb7e65-01ce-44a0-99fd-55c3612e7f1a","ts":"2025-12-28T08:36:38.178-05:00","eventName":"n8n.node.started","message":"n8n.node.started","payload":{"workflowId":"Os1A4bU4wnWGFEe2","workflowName":"Real-Time Fraud Monitor - Fixed","executionId":"7","nodeType":"n8n-nodes-base.httpRequest","nodeName":"Get Suspicious Devices1","nodeId":"72c06732-01dd-430f-823a-e25f132f5487"}}
{"__type":"$$EventMessageConfirm","confirm":"aacb7e65-01ce-44a0-99fd-55c3612e7f1a","ts":"2025-12-28T08:36:38.178-05:00","source":{"id":"0","name":"eventBus"}}
{"__type":"$$EventMessageNode","id":"7460532a-a7d8-46f2-8fae-899450aca33f","ts":"2025-12-28T08:36:38.216-05:00","eventName":"n8n.node.finished","message":"n8n.node.finished","payload":{"workflowId":"Os1A4bU4wnWGFEe2","workflowName":"Real-Time Fraud Monitor - Fixed","executionId":"7","nodeType":"n8n-nodes-base.httpRequest","nodeName":"Get Suspicious Devices1","nodeId":"72c06732-01dd-430f-823a-e25f132f5487"}}
{"__type":"$$EventMessageConfirm","confirm":"7460532a-a7d8-46f2-8fae-899450aca33f","ts":"2025-12-28T08:36:38.216-05:00","source":{"id":"0","name":"eventBus"}}
{"__type":"$$EventMessageWorkflow","id":"af70706d-a944-402b-8534-5a5f923061d9","ts":"2025-12-28T08:36:38.223-05:00","eventName":"n8n.workflow.failed","message":"n8n.workflow.failed","payload":{"userId":"940fa1a9-236b-4475-9616-ce47d20ec635","executionId":"7","success":false,"isManual":true,"workflowId":"Os1A4bU4wnWGFEe2","workflowName":"Real-Time Fraud Monitor - Fixed","lastNodeExecuted":"Get Suspicious Devices1","errorNodeType":"n8n-nodes-base.httpRequest","errorMessage":"The service refused the connection - perhaps it is offline"}}
{"__type":"$$EventMessageConfirm","confirm":"af70706d-a944-402b-8534-5a5f923061d9","ts":"2025-12-28T08:36:38.223-05:00","source":{"id":"0","name":"eventBus"}}
{"__type":"$$EventMessageWorkflow","id":"fcaad1f6-c122-474f-875b-709cce9ad523","ts":"2025-12-28T08:37:27.331-05:00","eventName":"n8n.workflow.started","message":"n8n.workflow.started","payload":{"executionId":"8","workflowId":"Os1A4bU4wnWGFEe2","isManual":false,"workflowName":"Real-Time Fraud Monitor - Fixed"}}
{"__type":"$$EventMessageConfirm","confirm":"fcaad1f6-c122-474f-875b-709cce9ad523","ts":"2025-12-28T08:37:27.331-05:00","source":{"id":"0","name":"eventBus"}}
{"__type":"$$EventMessageNode","id":"4790d503-4390-4daf-9703-c3ffbe014660","ts":"2025-12-28T08:37:27.334-05:00","eventName":"n8n.node.started","message":"n8n.node.started","payload":{"workflowId":"Os1A4bU4wnWGFEe2","workflowName":"Real-Time Fraud Monitor - Fixed","executionId":"8","nodeType":"n8n-nodes-base.scheduleTrigger","nodeName":"Every 5 Minutes1","nodeId":"e4acd07b-6250-4aa3-b497-c49434325c7f"}}
{"__type":"$$EventMessageConfirm","confirm":"4790d503-4390-4daf-9703-c3ffbe014660","ts":"2025-12-28T08:37:27.335-05:00","source":{"id":"0","name":"eventBus"}}
{"__type":"$$EventMessageNode","id":"2aac075f-71e5-4459-88a4-59d9f83c8bfa","ts":"2025-12-28T08:37:27.337-05:00","eventName":"n8n.node.finished","message":"n8n.node.finished","payload":{"workflowId":"Os1A4bU4wnWGFEe2","workflowName":"Real-Time Fraud Monitor - Fixed","executionId":"8","nodeType":"n8n-nodes-base.scheduleTrigger","nodeName":"Every 5 Minutes1","nodeId":"e4acd07b-6250-4aa3-b497-c49434325c7f"}}
{"__type":"$$EventMessageConfirm","confirm":"2aac075f-71e5-4459-88a4-59d9f83c8bfa","ts":"2025-12-28T08:37:27.337-05:00","source":{"id":"0","name":"eventBus"}}
{"__type":"$$EventMessageNode","id":"04ba57ee-7e7e-47cf-910e-9fbbe71ccbf2","ts":"2025-12-28T08:37:27.338-05:00","eventName":"n8n.node.started","message":"n8n.node.started","payload":{"workflowId":"Os1A4bU4wnWGFEe2","workflowName":"Real-Time Fraud Monitor - Fixed","executionId":"8","nodeType":"n8n-nodes-base.httpRequest","nodeName":"Get Suspicious Devices1","nodeId":"72c06732-01dd-430f-823a-e25f132f5487"}}
{"__type":"$$EventMessageConfirm","confirm":"04ba57ee-7e7e-47cf-910e-9fbbe71ccbf2","ts":"2025-12-28T08:37:27.338-05:00","source":{"id":"0","name":"eventBus"}}
{"__type":"$$EventMessageNode","id":"013797e4-2106-4ba4-9702-b7b9b231efdf","ts":"2025-12-28T08:37:27.351-05:00","eventName":"n8n.node.finished","message":"n8n.node.finished","payload":{"workflowId":"Os1A4bU4wnWGFEe2","workflowName":"Real-Time Fraud Monitor - Fixed","executionId":"8","nodeType":"n8n-nodes-base.httpRequest","nodeName":"Get Suspicious Devices1","nodeId":"72c06732-01dd-430f-823a-e25f132f5487"}}
{"__type":"$$EventMessageConfirm","confirm":"013797e4-2106-4ba4-9702-b7b9b231efdf","ts":"2025-12-28T08:37:27.351-05:00","source":{"id":"0","name":"eventBus"}}
{"__type":"$$EventMessageWorkflow","id":"179b5063-83bb-47c5-9f96-101afc7a1c37","ts":"2025-12-28T08:37:27.359-05:00","eventName":"n8n.workflow.failed","message":"n8n.workflow.failed","payload":{"userId":"940fa1a9-236b-4475-9616-ce47d20ec635","executionId":"8","success":false,"isManual":true,"workflowId":"Os1A4bU4wnWGFEe2","workflowName":"Real-Time Fraud Monitor - Fixed","lastNodeExecuted":"Get Suspicious Devices1","errorNodeType":"n8n-nodes-base.httpRequest","errorMessage":"The service refused the connection - perhaps it is offline"}}
{"__type":"$$EventMessageConfirm","confirm":"179b5063-83bb-47c5-9f96-101afc7a1c37","ts":"2025-12-28T08:37:27.359-05:00","source":{"id":"0","name":"eventBus"}}
{"__type":"$$EventMessageWorkflow","id":"83ebc27c-3dcb-44c0-9f6c-9532953d3525","ts":"2025-12-28T08:37:33.744-05:00","eventName":"n8n.workflow.started","message":"n8n.workflow.started","payload":{"executionId":"9","workflowId":"Os1A4bU4wnWGFEe2","isManual":false,"workflowName":"Real-Time Fraud Monitor - Fixed"}}
{"__type":"$$EventMessageConfirm","confirm":"83ebc27c-3dcb-44c0-9f6c-9532953d3525","ts":"2025-12-28T08:37:33.744-05:00","source":{"id":"0","name":"eventBus"}}
{"__type":"$$EventMessageNode","id":"8d37532e-1803-49b4-8614-cbb8066e3648","ts":"2025-12-28T08:37:33.745-05:00","eventName":"n8n.node.started","message":"n8n.node.started","payload":{"workflowId":"Os1A4bU4wnWGFEe2","workflowName":"Real-Time Fraud Monitor - Fixed","executionId":"9","nodeType":"n8n-nodes-base.scheduleTrigger","nodeName":"Every 5 Minutes1","nodeId":"e4acd07b-6250-4aa3-b497-c49434325c7f"}}
{"__type":"$$EventMessageConfirm","confirm":"8d37532e-1803-49b4-8614-cbb8066e3648","ts":"2025-12-28T08:37:33.745-05:00","source":{"id":"0","name":"eventBus"}}
{"__type":"$$EventMessageNode","id":"0bbeffd0-6f14-4a8d-a038-68deeb732996","ts":"2025-12-28T08:37:33.746-05:00","eventName":"n8n.node.finished","message":"n8n.node.finished","payload":{"workflowId":"Os1A4bU4wnWGFEe2","workflowName":"Real-Time Fraud Monitor - Fixed","executionId":"9","nodeType":"n8n-nodes-base.scheduleTrigger","nodeName":"Every 5 Minutes1","nodeId":"e4acd07b-6250-4aa3-b497-c49434325c7f"}}
{"__type":"$$EventMessageConfirm","confirm":"0bbeffd0-6f14-4a8d-a038-68deeb732996","ts":"2025-12-28T08:37:33.747-05:00","source":{"id":"0","name":"eventBus"}}
{"__type":"$$EventMessageNode","id":"b739bd0b-1262-4ebc-96e0-5d7dc7d0f631","ts":"2025-12-28T08:37:33.748-05:00","eventName":"n8n.node.started","message":"n8n.node.started","payload":{"workflowId":"Os1A4bU4wnWGFEe2","workflowName":"Real-Time Fraud Monitor - Fixed","executionId":"9","nodeType":"n8n-nodes-base.httpRequest","nodeName":"Get Suspicious Devices1","nodeId":"72c06732-01dd-430f-823a-e25f132f5487"}}
{"__type":"$$EventMessageConfirm","confirm":"b739bd0b-1262-4ebc-96e0-5d7dc7d0f631","ts":"2025-12-28T08:37:33.748-05:00","source":{"id":"0","name":"eventBus"}}
{"__type":"$$EventMessageNode","id":"04dddbb2-eb47-40a6-b411-f962a72ec939","ts":"2025-12-28T08:37:33.766-05:00","eventName":"n8n.node.finished","message":"n8n.node.finished","payload":{"workflowId":"Os1A4bU4wnWGFEe2","workflowName":"Real-Time Fraud Monitor - Fixed","executionId":"9","nodeType":"n8n-nodes-base.httpRequest","nodeName":"Get Suspicious Devices1","nodeId":"72c06732-01dd-430f-823a-e25f132f5487"}}
{"__type":"$$EventMessageConfirm","confirm":"04dddbb2-eb47-40a6-b411-f962a72ec939","ts":"2025-12-28T08:37:33.766-05:00","source":{"id":"0","name":"eventBus"}}
{"__type":"$$EventMessageWorkflow","id":"070d1dc3-d091-480e-b33e-2b229a1e25bb","ts":"2025-12-28T08:37:33.773-05:00","eventName":"n8n.workflow.failed","message":"n8n.workflow.failed","payload":{"userId":"940fa1a9-236b-4475-9616-ce47d20ec635","executionId":"9","success":false,"isManual":true,"workflowId":"Os1A4bU4wnWGFEe2","workflowName":"Real-Time Fraud Monitor - Fixed","lastNodeExecuted":"Get Suspicious Devices1","errorNodeType":"n8n-nodes-base.httpRequest","errorMessage":"The service refused the connection - perhaps it is offline"}}
{"__type":"$$EventMessageConfirm","confirm":"070d1dc3-d091-480e-b33e-2b229a1e25bb","ts":"2025-12-28T08:37:33.773-05:00","source":{"id":"0","name":"eventBus"}}
{"__type":"$$EventMessageWorkflow","id":"9a1fcc4d-f24d-4aa5-9693-a11a7c8810dc","ts":"2025-12-28T08:37:35.508-05:00","eventName":"n8n.workflow.started","message":"n8n.workflow.started","payload":{"executionId":"10","workflowId":"Os1A4bU4wnWGFEe2","isManual":false,"workflowName":"Real-Time Fraud Monitor - Fixed"}}
{"__type":"$$EventMessageConfirm","confirm":"9a1fcc4d-f24d-4aa5-9693-a11a7c8810dc","ts":"2025-12-28T08:37:35.508-05:00","source":{"id":"0","name":"eventBus"}}
{"__type":"$$EventMessageNode","id":"1a21a6c4-71dc-42e4-9a7c-dade783264f8","ts":"2025-12-28T08:37:35.509-05:00","eventName":"n8n.node.started","message":"n8n.node.started","payload":{"workflowId":"Os1A4bU4wnWGFEe2","workflowName":"Real-Time Fraud Monitor - Fixed","executionId":"10","nodeType":"n8n-nodes-base.scheduleTrigger","nodeName":"Every 5 Minutes1","nodeId":"e4acd07b-6250-4aa3-b497-c49434325c7f"}}
{"__type":"$$EventMessageConfirm","confirm":"1a21a6c4-71dc-42e4-9a7c-dade783264f8","ts":"2025-12-28T08:37:35.509-05:00","source":{"id":"0","name":"eventBus"}}
{"__type":"$$EventMessageNode","id":"13505dd6-d79a-4e0b-b61c-4d6ac48c7d6f","ts":"2025-12-28T08:37:35.510-05:00","eventName":"n8n.node.finished","message":"n8n.node.finished","payload":{"workflowId":"Os1A4bU4wnWGFEe2","workflowName":"Real-Time Fraud Monitor - Fixed","executionId":"10","nodeType":"n8n-nodes-base.scheduleTrigger","nodeName":"Every 5 Minutes1","nodeId":"e4acd07b-6250-4aa3-b497-c49434325c7f"}}
{"__type":"$$EventMessageConfirm","confirm":"13505dd6-d79a-4e0b-b61c-4d6ac48c7d6f","ts":"2025-12-28T08:37:35.511-05:00","source":{"id":"0","name":"eventBus"}}
{"__type":"$$EventMessageNode","id":"fd3b773a-a066-405a-9da7-f71284a71a2d","ts":"2025-12-28T08:37:35.511-05:00","eventName":"n8n.node.started","message":"n8n.node.started","payload":{"workflowId":"Os1A4bU4wnWGFEe2","workflowName":"Real-Time Fraud Monitor - Fixed","executionId":"10","nodeType":"n8n-nodes-base.httpRequest","nodeName":"Get Suspicious Devices1","nodeId":"72c06732-01dd-430f-823a-e25f132f5487"}}
{"__type":"$$EventMessageConfirm","confirm":"fd3b773a-a066-405a-9da7-f71284a71a2d","ts":"2025-12-28T08:37:35.511-05:00","source":{"id":"0","name":"eventBus"}}
{"__type":"$$EventMessageNode","id":"46fff12e-2145-4425-9553-b1a02b46c0c5","ts":"2025-12-28T08:37:35.525-05:00","eventName":"n8n.node.finished","message":"n8n.node.finished","payload":{"workflowId":"Os1A4bU4wnWGFEe2","workflowName":"Real-Time Fraud Monitor - Fixed","executionId":"10","nodeType":"n8n-nodes-base.httpRequest","nodeName":"Get Suspicious Devices1","nodeId":"72c06732-01dd-430f-823a-e25f132f5487"}}
{"__type":"$$EventMessageConfirm","confirm":"46fff12e-2145-4425-9553-b1a02b46c0c5","ts":"2025-12-28T08:37:35.525-05:00","source":{"id":"0","name":"eventBus"}}
{"__type":"$$EventMessageWorkflow","id":"6e8e9a4a-330f-4641-9ee9-3a2a86f3f7bc","ts":"2025-12-28T08:37:35.532-05:00","eventName":"n8n.workflow.failed","message":"n8n.workflow.failed","payload":{"userId":"940fa1a9-236b-4475-9616-ce47d20ec635","executionId":"10","success":false,"isManual":true,"workflowId":"Os1A4bU4wnWGFEe2","workflowName":"Real-Time Fraud Monitor - Fixed","lastNodeExecuted":"Get Suspicious Devices1","errorNodeType":"n8n-nodes-base.httpRequest","errorMessage":"The service refused the connection - perhaps it is offline"}}
{"__type":"$$EventMessageConfirm","confirm":"6e8e9a4a-330f-4641-9ee9-3a2a86f3f7bc","ts":"2025-12-28T08:37:35.532-05:00","source":{"id":"0","name":"eventBus"}}
{"__type":"$$EventMessageWorkflow","id":"068c2718-beb6-4f8f-a6d3-a7a536b263d4","ts":"2025-12-28T08:37:43.898-05:00","eventName":"n8n.workflow.started","message":"n8n.workflow.started","payload":{"executionId":"11","workflowId":"Os1A4bU4wnWGFEe2","isManual":false,"workflowName":"Real-Time Fraud Monitor - Fixed"}}
{"__type":"$$EventMessageConfirm","confirm":"068c2718-beb6-4f8f-a6d3-a7a536b263d4","ts":"2025-12-28T08:37:43.898-05:00","source":{"id":"0","name":"eventBus"}}
{"__type":"$$EventMessageNode","id":"62d39fd7-95d3-42f2-963d-cc5c75ec1944","ts":"2025-12-28T08:37:43.899-05:00","eventName":"n8n.node.started","message":"n8n.node.started","payload":{"workflowId":"Os1A4bU4wnWGFEe2","workflowName":"Real-Time Fraud Monitor - Fixed","executionId":"11","nodeType":"n8n-nodes-base.scheduleTrigger","nodeName":"Every 5 Minutes1","nodeId":"e4acd07b-6250-4aa3-b497-c49434325c7f"}}
{"__type":"$$EventMessageConfirm","confirm":"62d39fd7-95d3-42f2-963d-cc5c75ec1944","ts":"2025-12-28T08:37:43.899-05:00","source":{"id":"0","name":"eventBus"}}
{"__type":"$$EventMessageNode","id":"92b4fb03-80fb-400a-89cd-5254f7c14053","ts":"2025-12-28T08:37:43.900-05:00","eventName":"n8n.node.finished","message":"n8n.node.finished","payload":{"workflowId":"Os1A4bU4wnWGFEe2","workflowName":"Real-Time Fraud Monitor - Fixed","executionId":"11","nodeType":"n8n-nodes-base.scheduleTrigger","nodeName":"Every 5 Minutes1","nodeId":"e4acd07b-6250-4aa3-b497-c49434325c7f"}}
{"__type":"$$EventMessageConfirm","confirm":"92b4fb03-80fb-400a-89cd-5254f7c14053","ts":"2025-12-28T08:37:43.900-05:00","source":{"id":"0","name":"eventBus"}}
{"__type":"$$EventMessageNode","id":"15dea0ef-a98e-46da-bed2-9340913ee14e","ts":"2025-12-28T08:37:43.900-05:00","eventName":"n8n.node.started","message":"n8n.node.started","payload":{"workflowId":"Os1A4bU4wnWGFEe2","workflowName":"Real-Time Fraud Monitor - Fixed","executionId":"11","nodeType":"n8n-nodes-base.httpRequest","nodeName":"Get Suspicious Devices1","nodeId":"72c06732-01dd-430f-823a-e25f132f5487"}}
{"__type":"$$EventMessageConfirm","confirm":"15dea0ef-a98e-46da-bed2-9340913ee14e","ts":"2025-12-28T08:37:43.901-05:00","source":{"id":"0","name":"eventBus"}}
{"__type":"$$EventMessageNode","id":"2de09013-6cfd-4a70-88e6-671bad02d14c","ts":"2025-12-28T08:37:53.106-05:00","eventName":"n8n.node.finished","message":"n8n.node.finished","payload":{"workflowId":"Os1A4bU4wnWGFEe2","workflowName":"Real-Time Fraud Monitor - Fixed","executionId":"11","nodeType":"n8n-nodes-base.httpRequest","nodeName":"Get Suspicious Devices1","nodeId":"72c06732-01dd-430f-823a-e25f132f5487"}}
{"__type":"$$EventMessageConfirm","confirm":"2de09013-6cfd-4a70-88e6-671bad02d14c","ts":"2025-12-28T08:37:53.123-05:00","source":{"id":"0","name":"eventBus"}}
{"__type":"$$EventMessageNode","id":"58c9c498-e1b0-4227-ae67-353e3e700f2d","ts":"2025-12-28T08:37:53.126-05:00","eventName":"n8n.node.started","message":"n8n.node.started","payload":{"workflowId":"Os1A4bU4wnWGFEe2","workflowName":"Real-Time Fraud Monitor - Fixed","executionId":"11","nodeType":"n8n-nodes-base.if","nodeName":"Devices Found?1","nodeId":"cf963760-0841-4358-977b-a90a36ec721e"}}
{"__type":"$$EventMessageConfirm","confirm":"58c9c498-e1b0-4227-ae67-353e3e700f2d","ts":"2025-12-28T08:37:53.126-05:00","source":{"id":"0","name":"eventBus"}}
{"__type":"$$EventMessageNode","id":"8aa5aff8-6066-459e-b8fc-76f9a8fe470a","ts":"2025-12-28T08:37:53.146-05:00","eventName":"n8n.node.finished","message":"n8n.node.finished","payload":{"workflowId":"Os1A4bU4wnWGFEe2","workflowName":"Real-Time Fraud Monitor - Fixed","executionId":"11","nodeType":"n8n-nodes-base.if","nodeName":"Devices Found?1","nodeId":"cf963760-0841-4358-977b-a90a36ec721e"}}
{"__type":"$$EventMessageConfirm","confirm":"8aa5aff8-6066-459e-b8fc-76f9a8fe470a","ts":"2025-12-28T08:37:53.146-05:00","source":{"id":"0","name":"eventBus"}}
{"__type":"$$EventMessageNode","id":"5995083d-720f-48f0-8108-cf72d3c3ab51","ts":"2025-12-28T08:37:53.148-05:00","eventName":"n8n.node.started","message":"n8n.node.started","payload":{"workflowId":"Os1A4bU4wnWGFEe2","workflowName":"Real-Time Fraud Monitor - Fixed","executionId":"11","nodeType":"n8n-nodes-base.noOp","nodeName":"No Action Needed1","nodeId":"62c1ac5b-fed8-4b35-a36d-5997a298bcfc"}}
{"__type":"$$EventMessageConfirm","confirm":"5995083d-720f-48f0-8108-cf72d3c3ab51","ts":"2025-12-28T08:37:53.148-05:00","source":{"id":"0","name":"eventBus"}}
{"__type":"$$EventMessageNode","id":"bcd9b062-f282-4315-822c-c1ba892b82c0","ts":"2025-12-28T08:37:53.149-05:00","eventName":"n8n.node.finished","message":"n8n.node.finished","payload":{"workflowId":"Os1A4bU4wnWGFEe2","workflowName":"Real-Time Fraud Monitor - Fixed","executionId":"11","nodeType":"n8n-nodes-base.noOp","nodeName":"No Action Needed1","nodeId":"62c1ac5b-fed8-4b35-a36d-5997a298bcfc"}}
{"__type":"$$EventMessageConfirm","confirm":"bcd9b062-f282-4315-822c-c1ba892b82c0","ts":"2025-12-28T08:37:53.149-05:00","source":{"id":"0","name":"eventBus"}}
{"__type":"$$EventMessageWorkflow","id":"30928baf-55cd-4ffe-9b90-550c09074f62","ts":"2025-12-28T08:37:53.197-05:00","eventName":"n8n.workflow.success","message":"n8n.workflow.success","payload":{"userId":"940fa1a9-236b-4475-9616-ce47d20ec635","executionId":"11","success":true,"isManual":true,"workflowId":"Os1A4bU4wnWGFEe2","workflowName":"Real-Time Fraud Monitor - Fixed"}}
{"__type":"$$EventMessageConfirm","confirm":"30928baf-55cd-4ffe-9b90-550c09074f62","ts":"2025-12-28T08:37:53.197-05:00","source":{"id":"0","name":"eventBus"}}
{"__type":"$$EventMessageAudit","id":"ea4bbbff-d24f-4e83-8dc5-49e2c0329487","ts":"2025-12-28T08:38:48.238-05:00","eventName":"n8n.audit.workflow.updated","message":"n8n.audit.workflow.updated","payload":{"userId":"940fa1a9-236b-4475-9616-ce47d20ec635","_email":"medalichaabane2017@gmail.com","_firstName":"Mohamed Ali","_lastName":"Chaabane","globalRole":"global:owner","workflowId":"Os1A4bU4wnWGFEe2","workflowName":"Real-Time Fraud Monitor - Fixed"}}
{"__type":"$$EventMessageConfirm","confirm":"ea4bbbff-d24f-4e83-8dc5-49e2c0329487","ts":"2025-12-28T08:38:48.238-05:00","source":{"id":"0","name":"eventBus"}}
{"__type":"$$EventMessageAudit","id":"5e785947-0df8-4d6d-921f-5c90e3c40aa8","ts":"2025-12-28T08:39:47.510-05:00","eventName":"n8n.audit.workflow.updated","message":"n8n.audit.workflow.updated","payload":{"userId":"940fa1a9-236b-4475-9616-ce47d20ec635","_email":"medalichaabane2017@gmail.com","_firstName":"Mohamed Ali","_lastName":"Chaabane","globalRole":"global:owner","workflowId":"6aIMlP6e7nk17REc","workflowName":"Daily Fraud Report"}}
{"__type":"$$EventMessageConfirm","confirm":"5e785947-0df8-4d6d-921f-5c90e3c40aa8","ts":"2025-12-28T08:39:47.510-05:00","source":{"id":"0","name":"eventBus"}}
{"__type":"$$EventMessageWorkflow","id":"e447eaf2-659b-487a-8bcc-c3aff8f7e620","ts":"2025-12-28T08:41:12.858-05:00","eventName":"n8n.workflow.started","message":"n8n.workflow.started","payload":{"executionId":"12","workflowId":"6aIMlP6e7nk17REc","isManual":false,"workflowName":"Daily Fraud Report"}}
{"__type":"$$EventMessageConfirm","confirm":"e447eaf2-659b-487a-8bcc-c3aff8f7e620","ts":"2025-12-28T08:41:12.858-05:00","source":{"id":"0","name":"eventBus"}}
{"__type":"$$EventMessageNode","id":"96ad7f81-2828-4a4b-a86b-dd8f7d15b1a9","ts":"2025-12-28T08:41:12.859-05:00","eventName":"n8n.node.started","message":"n8n.node.started","payload":{"workflowId":"6aIMlP6e7nk17REc","workflowName":"Daily Fraud Report","executionId":"12","nodeType":"n8n-nodes-base.scheduleTrigger","nodeName":"Every Day at 8 AM","nodeId":"209d9823-0a70-4a97-887f-ae6098511155"}}
{"__type":"$$EventMessageConfirm","confirm":"96ad7f81-2828-4a4b-a86b-dd8f7d15b1a9","ts":"2025-12-28T08:41:12.859-05:00","source":{"id":"0","name":"eventBus"}}
{"__type":"$$EventMessageNode","id":"96067bad-6138-41fb-be19-ef386f84a1dc","ts":"2025-12-28T08:41:12.876-05:00","eventName":"n8n.node.finished","message":"n8n.node.finished","payload":{"workflowId":"6aIMlP6e7nk17REc","workflowName":"Daily Fraud Report","executionId":"12","nodeType":"n8n-nodes-base.scheduleTrigger","nodeName":"Every Day at 8 AM","nodeId":"209d9823-0a70-4a97-887f-ae6098511155"}}
{"__type":"$$EventMessageConfirm","confirm":"96067bad-6138-41fb-be19-ef386f84a1dc","ts":"2025-12-28T08:41:12.876-05:00","source":{"id":"0","name":"eventBus"}}
{"__type":"$$EventMessageNode","id":"6150f6dd-760c-456c-b863-2e6a766bcf68","ts":"2025-12-28T08:41:12.876-05:00","eventName":"n8n.node.started","message":"n8n.node.started","payload":{"workflowId":"6aIMlP6e7nk17REc","workflowName":"Daily Fraud Report","executionId":"12","nodeType":"n8n-nodes-base.httpRequest","nodeName":"Get System Stats","nodeId":"1ade4999-127e-4aa5-905b-63482c4cdb05"}}
{"__type":"$$EventMessageConfirm","confirm":"6150f6dd-760c-456c-b863-2e6a766bcf68","ts":"2025-12-28T08:41:12.876-05:00","source":{"id":"0","name":"eventBus"}}
{"__type":"$$EventMessageNode","id":"ed42000f-e1bf-48e6-9700-bf4cb837b09e","ts":"2025-12-28T08:41:14.132-05:00","eventName":"n8n.node.finished","message":"n8n.node.finished","payload":{"workflowId":"6aIMlP6e7nk17REc","workflowName":"Daily Fraud Report","executionId":"12","nodeType":"n8n-nodes-base.httpRequest","nodeName":"Get System Stats","nodeId":"1ade4999-127e-4aa5-905b-63482c4cdb05"}}
{"__type":"$$EventMessageConfirm","confirm":"ed42000f-e1bf-48e6-9700-bf4cb837b09e","ts":"2025-12-28T08:41:14.133-05:00","source":{"id":"0","name":"eventBus"}}
{"__type":"$$EventMessageNode","id":"13340667-71ec-4c2a-afaf-1fd652dd935e","ts":"2025-12-28T08:41:14.134-05:00","eventName":"n8n.node.started","message":"n8n.node.started","payload":{"workflowId":"6aIMlP6e7nk17REc","workflowName":"Daily Fraud Report","executionId":"12","nodeType":"n8n-nodes-base.code","nodeName":"Generate Report","nodeId":"0c173515-7ebf-4633-ad31-40efbdd51afc"}}
{"__type":"$$EventMessageConfirm","confirm":"13340667-71ec-4c2a-afaf-1fd652dd935e","ts":"2025-12-28T08:41:14.134-05:00","source":{"id":"0","name":"eventBus"}}
{"__type":"$$EventMessageRunner","id":"ff6b91fb-6bcf-4b67-b557-772339c1756d","ts":"2025-12-28T08:41:14.185-05:00","eventName":"n8n.runner.task.requested","message":"n8n.runner.task.requested","payload":{"taskId":"ZngqVJp0","nodeId":"0c173515-7ebf-4633-ad31-40efbdd51afc","workflowId":"6aIMlP6e7nk17REc","executionId":"12"}}
{"__type":"$$EventMessageConfirm","confirm":"ff6b91fb-6bcf-4b67-b557-772339c1756d","ts":"2025-12-28T08:41:14.185-05:00","source":{"id":"0","name":"eventBus"}}
{"__type":"$$EventMessageNode","id":"a6e2bc97-30d9-40a9-9e5a-82431242fa74","ts":"2025-12-28T08:41:14.246-05:00","eventName":"n8n.node.finished","message":"n8n.node.finished","payload":{"workflowId":"6aIMlP6e7nk17REc","workflowName":"Daily Fraud Report","executionId":"12","nodeType":"n8n-nodes-base.code","nodeName":"Generate Report","nodeId":"0c173515-7ebf-4633-ad31-40efbdd51afc"}}
{"__type":"$$EventMessageConfirm","confirm":"a6e2bc97-30d9-40a9-9e5a-82431242fa74","ts":"2025-12-28T08:41:14.246-05:00","source":{"id":"0","name":"eventBus"}}
{"__type":"$$EventMessageWorkflow","id":"e329e700-1d35-4699-8309-e30138c8fc8e","ts":"2025-12-28T08:41:14.250-05:00","eventName":"n8n.workflow.failed","message":"n8n.workflow.failed","payload":{"userId":"940fa1a9-236b-4475-9616-ce47d20ec635","executionId":"12","success":false,"isManual":true,"workflowId":"6aIMlP6e7nk17REc","workflowName":"Daily Fraud Report","lastNodeExecuted":"Generate Report","errorMessage":"Unknown error"}}
{"__type":"$$EventMessageConfirm","confirm":"e329e700-1d35-4699-8309-e30138c8fc8e","ts":"2025-12-28T08:41:14.250-05:00","source":{"id":"0","name":"eventBus"}}
{"__type":"$$EventMessageAudit","id":"905d087a-37fc-42c1-96b7-e2661ce18652","ts":"2025-12-28T08:41:20.000-05:00","eventName":"n8n.audit.workflow.updated","message":"n8n.audit.workflow.updated","payload":{"userId":"940fa1a9-236b-4475-9616-ce47d20ec635","_email":"medalichaabane2017@gmail.com","_firstName":"Mohamed Ali","_lastName":"Chaabane","globalRole":"global:owner","workflowId":"6aIMlP6e7nk17REc","workflowName":"Daily Fraud Report"}}
{"__type":"$$EventMessageConfirm","confirm":"905d087a-37fc-42c1-96b7-e2661ce18652","ts":"2025-12-28T08:41:20.000-05:00","source":{"id":"0","name":"eventBus"}}
{"__type":"$$EventMessageWorkflow","id":"afa0e45a-86fd-4ada-a2b1-1eb435e8ab56","ts":"2025-12-28T09:10:34.598-05:00","eventName":"n8n.workflow.started","message":"n8n.workflow.started","payload":{"executionId":"13","workflowId":"6aIMlP6e7nk17REc","isManual":false,"workflowName":"Daily Fraud Report - FINAL"}}
{"__type":"$$EventMessageConfirm","confirm":"afa0e45a-86fd-4ada-a2b1-1eb435e8ab56","ts":"2025-12-28T09:10:34.599-05:00","source":{"id":"0","name":"eventBus"}}
{"__type":"$$EventMessageNode","id":"0030021c-1721-4ea1-a21c-05b74ca9d4e6","ts":"2025-12-28T09:10:34.601-05:00","eventName":"n8n.node.started","message":"n8n.node.started","payload":{"workflowId":"6aIMlP6e7nk17REc","workflowName":"Daily Fraud Report - FINAL","executionId":"13","nodeType":"n8n-nodes-base.scheduleTrigger","nodeName":"Every Day at 8 AM","nodeId":"2faedef5-51e0-4e79-85d9-5562629a181a"}}
{"__type":"$$EventMessageConfirm","confirm":"0030021c-1721-4ea1-a21c-05b74ca9d4e6","ts":"2025-12-28T09:10:34.601-05:00","source":{"id":"0","name":"eventBus"}}
{"__type":"$$EventMessageNode","id":"41c02323-21bb-44d7-bb9b-c2f764036bbb","ts":"2025-12-28T09:10:34.612-05:00","eventName":"n8n.node.finished","message":"n8n.node.finished","payload":{"workflowId":"6aIMlP6e7nk17REc","workflowName":"Daily Fraud Report - FINAL","executionId":"13","nodeType":"n8n-nodes-base.scheduleTrigger","nodeName":"Every Day at 8 AM","nodeId":"2faedef5-51e0-4e79-85d9-5562629a181a"}}
{"__type":"$$EventMessageConfirm","confirm":"41c02323-21bb-44d7-bb9b-c2f764036bbb","ts":"2025-12-28T09:10:34.612-05:00","source":{"id":"0","name":"eventBus"}}
{"__type":"$$EventMessageNode","id":"62b259d5-244b-4dc2-bab2-b554d856f20e","ts":"2025-12-28T09:10:34.614-05:00","eventName":"n8n.node.started","message":"n8n.node.started","payload":{"workflowId":"6aIMlP6e7nk17REc","workflowName":"Daily Fraud Report - FINAL","executionId":"13","nodeType":"n8n-nodes-base.httpRequest","nodeName":"Get System Stats","nodeId":"2c4697fe-0599-489f-8f13-c503f7eea63c"}}
{"__type":"$$EventMessageConfirm","confirm":"62b259d5-244b-4dc2-bab2-b554d856f20e","ts":"2025-12-28T09:10:34.614-05:00","source":{"id":"0","name":"eventBus"}}
{"__type":"$$EventMessageNode","id":"3456ea2f-c2eb-49df-afac-616448928174","ts":"2025-12-28T09:10:40.062-05:00","eventName":"n8n.node.finished","message":"n8n.node.finished","payload":{"workflowId":"6aIMlP6e7nk17REc","workflowName":"Daily Fraud Report - FINAL","executionId":"13","nodeType":"n8n-nodes-base.httpRequest","nodeName":"Get System Stats","nodeId":"2c4697fe-0599-489f-8f13-c503f7eea63c"}}
{"__type":"$$EventMessageConfirm","confirm":"3456ea2f-c2eb-49df-afac-616448928174","ts":"2025-12-28T09:10:40.063-05:00","source":{"id":"0","name":"eventBus"}}
{"__type":"$$EventMessageNode","id":"1e00c378-e568-42b6-968a-1f394d7366c1","ts":"2025-12-28T09:10:40.063-05:00","eventName":"n8n.node.started","message":"n8n.node.started","payload":{"workflowId":"6aIMlP6e7nk17REc","workflowName":"Daily Fraud Report - FINAL","executionId":"13","nodeType":"n8n-nodes-base.httpRequest","nodeName":"Get Suspicious Devices","nodeId":"1a4e258a-e611-416f-9ba7-156a1292c01d"}}
{"__type":"$$EventMessageConfirm","confirm":"1e00c378-e568-42b6-968a-1f394d7366c1","ts":"2025-12-28T09:10:40.063-05:00","source":{"id":"0","name":"eventBus"}}
{"__type":"$$EventMessageNode","id":"4e7c9fde-2833-454c-b27b-3b911b8df923","ts":"2025-12-28T09:10:44.045-05:00","eventName":"n8n.node.finished","message":"n8n.node.finished","payload":{"workflowId":"6aIMlP6e7nk17REc","workflowName":"Daily Fraud Report - FINAL","executionId":"13","nodeType":"n8n-nodes-base.httpRequest","nodeName":"Get Suspicious Devices","nodeId":"1a4e258a-e611-416f-9ba7-156a1292c01d"}}
{"__type":"$$EventMessageConfirm","confirm":"4e7c9fde-2833-454c-b27b-3b911b8df923","ts":"2025-12-28T09:10:44.047-05:00","source":{"id":"0","name":"eventBus"}}
{"__type":"$$EventMessageNode","id":"61b138b5-ce62-4f86-bc13-10f324eda799","ts":"2025-12-28T09:10:44.048-05:00","eventName":"n8n.node.started","message":"n8n.node.started","payload":{"workflowId":"6aIMlP6e7nk17REc","workflowName":"Daily Fraud Report - FINAL","executionId":"13","nodeType":"n8n-nodes-base.code","nodeName":"Generate Report","nodeId":"b61dcf3e-1526-4bbd-a4af-11babd6e31f5"}}
{"__type":"$$EventMessageConfirm","confirm":"61b138b5-ce62-4f86-bc13-10f324eda799","ts":"2025-12-28T09:10:44.048-05:00","source":{"id":"0","name":"eventBus"}}
{"__type":"$$EventMessageRunner","id":"53c8d679-55ba-4bdb-b95c-5075ebcff494","ts":"2025-12-28T09:10:44.076-05:00","eventName":"n8n.runner.task.requested","message":"n8n.runner.task.requested","payload":{"taskId":"n0Y51zi4","nodeId":"b61dcf3e-1526-4bbd-a4af-11babd6e31f5","workflowId":"6aIMlP6e7nk17REc","executionId":"13"}}
{"__type":"$$EventMessageConfirm","confirm":"53c8d679-55ba-4bdb-b95c-5075ebcff494","ts":"2025-12-28T09:10:44.076-05:00","source":{"id":"0","name":"eventBus"}}
{"__type":"$$EventMessageRunner","id":"2c3cda04-5595-416c-9843-2eba842bc2b9","ts":"2025-12-28T09:10:44.560-05:00","eventName":"n8n.runner.response.received","message":"n8n.runner.response.received","payload":{"taskId":"n0Y51zi4","nodeId":"b61dcf3e-1526-4bbd-a4af-11babd6e31f5","workflowId":"6aIMlP6e7nk17REc","executionId":"13"}}
{"__type":"$$EventMessageConfirm","confirm":"2c3cda04-5595-416c-9843-2eba842bc2b9","ts":"2025-12-28T09:10:44.560-05:00","source":{"id":"0","name":"eventBus"}}
{"__type":"$$EventMessageNode","id":"03081d91-ca1a-4e7e-91ef-5386a6d2d2a2","ts":"2025-12-28T09:10:44.566-05:00","eventName":"n8n.node.finished","message":"n8n.node.finished","payload":{"workflowId":"6aIMlP6e7nk17REc","workflowName":"Daily Fraud Report - FINAL","executionId":"13","nodeType":"n8n-nodes-base.code","nodeName":"Generate Report","nodeId":"b61dcf3e-1526-4bbd-a4af-11babd6e31f5"}}
{"__type":"$$EventMessageConfirm","confirm":"03081d91-ca1a-4e7e-91ef-5386a6d2d2a2","ts":"2025-12-28T09:10:44.566-05:00","source":{"id":"0","name":"eventBus"}}
{"__type":"$$EventMessageNode","id":"7cc824ee-7a02-41c4-8e05-81023b4a6711","ts":"2025-12-28T09:10:44.567-05:00","eventName":"n8n.node.started","message":"n8n.node.started","payload":{"workflowId":"6aIMlP6e7nk17REc","workflowName":"Daily Fraud Report - FINAL","executionId":"13","nodeType":"n8n-nodes-base.gmail","nodeName":"Send Gmail","nodeId":"1e73fccf-f852-41e4-81b2-3f3d54cf26c8"}}
{"__type":"$$EventMessageConfirm","confirm":"7cc824ee-7a02-41c4-8e05-81023b4a6711","ts":"2025-12-28T09:10:44.567-05:00","source":{"id":"0","name":"eventBus"}}
{"__type":"$$EventMessageNode","id":"19597846-25b9-45b6-9653-94e0567a6fc3","ts":"2025-12-28T09:10:45.795-05:00","eventName":"n8n.node.finished","message":"n8n.node.finished","payload":{"workflowId":"6aIMlP6e7nk17REc","workflowName":"Daily Fraud Report - FINAL","executionId":"13","nodeType":"n8n-nodes-base.gmail","nodeName":"Send Gmail","nodeId":"1e73fccf-f852-41e4-81b2-3f3d54cf26c8"}}
{"__type":"$$EventMessageConfirm","confirm":"19597846-25b9-45b6-9653-94e0567a6fc3","ts":"2025-12-28T09:10:45.795-05:00","source":{"id":"0","name":"eventBus"}}
{"__type":"$$EventMessageNode","id":"5e5a2c15-0ba1-47bd-bad5-0540ef386d64","ts":"2025-12-28T09:10:45.796-05:00","eventName":"n8n.node.started","message":"n8n.node.started","payload":{"workflowId":"6aIMlP6e7nk17REc","workflowName":"Daily Fraud Report - FINAL","executionId":"13","nodeType":"n8n-nodes-base.slack","nodeName":"Send to Slack","nodeId":"383e96c5-34ca-47c4-9efe-71600807dc7c"}}
{"__type":"$$EventMessageConfirm","confirm":"5e5a2c15-0ba1-47bd-bad5-0540ef386d64","ts":"2025-12-28T09:10:45.796-05:00","source":{"id":"0","name":"eventBus"}}
{"__type":"$$EventMessageNode","id":"58239485-ad02-4fd4-90cd-2a7f972fc990","ts":"2025-12-28T09:10:46.267-05:00","eventName":"n8n.node.finished","message":"n8n.node.finished","payload":{"workflowId":"6aIMlP6e7nk17REc","workflowName":"Daily Fraud Report - FINAL","executionId":"13","nodeType":"n8n-nodes-base.slack","nodeName":"Send to Slack","nodeId":"383e96c5-34ca-47c4-9efe-71600807dc7c"}}
{"__type":"$$EventMessageConfirm","confirm":"58239485-ad02-4fd4-90cd-2a7f972fc990","ts":"2025-12-28T09:10:46.268-05:00","source":{"id":"0","name":"eventBus"}}
{"__type":"$$EventMessageWorkflow","id":"d897ef4a-d8ae-44e7-8245-f7b1361c12cc","ts":"2025-12-28T09:10:46.305-05:00","eventName":"n8n.workflow.failed","message":"n8n.workflow.failed","payload":{"userId":"940fa1a9-236b-4475-9616-ce47d20ec635","executionId":"13","success":false,"isManual":true,"workflowId":"6aIMlP6e7nk17REc","workflowName":"Daily Fraud Report - FINAL","lastNodeExecuted":"Send to Slack","errorNodeType":"n8n-nodes-base.slack","errorMessage":"Slack error response: \"channel_not_found\""}}
{"__type":"$$EventMessageConfirm","confirm":"d897ef4a-d8ae-44e7-8245-f7b1361c12cc","ts":"2025-12-28T09:10:46.305-05:00","source":{"id":"0","name":"eventBus"}}
{"__type":"$$EventMessageWorkflow","id":"8f2d791f-739b-432f-8705-9a39a7b97908","ts":"2025-12-28T09:11:54.166-05:00","eventName":"n8n.workflow.started","message":"n8n.workflow.started","payload":{"executionId":"14","workflowId":"6aIMlP6e7nk17REc","isManual":false,"workflowName":"Daily Fraud Report - FINAL"}}
{"__type":"$$EventMessageConfirm","confirm":"8f2d791f-739b-432f-8705-9a39a7b97908","ts":"2025-12-28T09:11:54.166-05:00","source":{"id":"0","name":"eventBus"}}
{"__type":"$$EventMessageNode","id":"13f9c41a-b8f6-4cd1-a19c-8fb14178de3b","ts":"2025-12-28T09:11:54.169-05:00","eventName":"n8n.node.started","message":"n8n.node.started","payload":{"workflowId":"6aIMlP6e7nk17REc","workflowName":"Daily Fraud Report - FINAL","executionId":"14","nodeType":"n8n-nodes-base.gmail","nodeName":"Send Gmail","nodeId":"1e73fccf-f852-41e4-81b2-3f3d54cf26c8"}}
{"__type":"$$EventMessageConfirm","confirm":"13f9c41a-b8f6-4cd1-a19c-8fb14178de3b","ts":"2025-12-28T09:11:54.169-05:00","source":{"id":"0","name":"eventBus"}}
{"__type":"$$EventMessageNode","id":"d57b3197-d600-4ab0-b473-2f36b9b33441","ts":"2025-12-28T09:11:54.689-05:00","eventName":"n8n.node.finished","message":"n8n.node.finished","payload":{"workflowId":"6aIMlP6e7nk17REc","workflowName":"Daily Fraud Report - FINAL","executionId":"14","nodeType":"n8n-nodes-base.gmail","nodeName":"Send Gmail","nodeId":"1e73fccf-f852-41e4-81b2-3f3d54cf26c8"}}
{"__type":"$$EventMessageConfirm","confirm":"d57b3197-d600-4ab0-b473-2f36b9b33441","ts":"2025-12-28T09:11:54.689-05:00","source":{"id":"0","name":"eventBus"}}
{"__type":"$$EventMessageWorkflow","id":"89be3f23-6642-4058-83d5-f09e3c17e07b","ts":"2025-12-28T09:11:54.693-05:00","eventName":"n8n.workflow.success","message":"n8n.workflow.success","payload":{"userId":"940fa1a9-236b-4475-9616-ce47d20ec635","executionId":"14","success":true,"isManual":true,"workflowId":"6aIMlP6e7nk17REc","workflowName":"Daily Fraud Report - FINAL"}}
{"__type":"$$EventMessageConfirm","confirm":"89be3f23-6642-4058-83d5-f09e3c17e07b","ts":"2025-12-28T09:11:54.693-05:00","source":{"id":"0","name":"eventBus"}}
{"__type":"$$EventMessageWorkflow","id":"17bd0c7c-5b77-4f53-beb1-3f80c076d6c1","ts":"2025-12-28T09:12:31.394-05:00","eventName":"n8n.workflow.started","message":"n8n.workflow.started","payload":{"executionId":"15","workflowId":"6aIMlP6e7nk17REc","isManual":false,"workflowName":"Daily Fraud Report - FINAL"}}
{"__type":"$$EventMessageConfirm","confirm":"17bd0c7c-5b77-4f53-beb1-3f80c076d6c1","ts":"2025-12-28T09:12:31.394-05:00","source":{"id":"0","name":"eventBus"}}
{"__type":"$$EventMessageNode","id":"a4b106a5-0fb3-4d5f-b95c-ccc84a49e079","ts":"2025-12-28T09:12:31.395-05:00","eventName":"n8n.node.started","message":"n8n.node.started","payload":{"workflowId":"6aIMlP6e7nk17REc","workflowName":"Daily Fraud Report - FINAL","executionId":"15","nodeType":"n8n-nodes-base.slack","nodeName":"Send to Slack","nodeId":"383e96c5-34ca-47c4-9efe-71600807dc7c"}}
{"__type":"$$EventMessageConfirm","confirm":"a4b106a5-0fb3-4d5f-b95c-ccc84a49e079","ts":"2025-12-28T09:12:31.395-05:00","source":{"id":"0","name":"eventBus"}}
{"__type":"$$EventMessageNode","id":"bb675158-14cd-48a6-832e-089332d4782b","ts":"2025-12-28T09:12:31.641-05:00","eventName":"n8n.node.finished","message":"n8n.node.finished","payload":{"workflowId":"6aIMlP6e7nk17REc","workflowName":"Daily Fraud Report - FINAL","executionId":"15","nodeType":"n8n-nodes-base.slack","nodeName":"Send to Slack","nodeId":"383e96c5-34ca-47c4-9efe-71600807dc7c"}}
{"__type":"$$EventMessageConfirm","confirm":"bb675158-14cd-48a6-832e-089332d4782b","ts":"2025-12-28T09:12:31.641-05:00","source":{"id":"0","name":"eventBus"}}
{"__type":"$$EventMessageWorkflow","id":"67095c61-02e5-4531-8925-154468a6780d","ts":"2025-12-28T09:12:31.650-05:00","eventName":"n8n.workflow.failed","message":"n8n.workflow.failed","payload":{"userId":"940fa1a9-236b-4475-9616-ce47d20ec635","executionId":"15","success":false,"isManual":true,"workflowId":"6aIMlP6e7nk17REc","workflowName":"Daily Fraud Report - FINAL","lastNodeExecuted":"Send to Slack","errorNodeType":"n8n-nodes-base.slack","errorMessage":"Slack error response: \"channel_not_found\""}}
{"__type":"$$EventMessageConfirm","confirm":"67095c61-02e5-4531-8925-154468a6780d","ts":"2025-12-28T09:12:31.651-05:00","source":{"id":"0","name":"eventBus"}}
{"__type":"$$EventMessageWorkflow","id":"2b86e60e-81aa-4611-ada7-62667d2f45b3","ts":"2025-12-28T09:12:34.352-05:00","eventName":"n8n.workflow.started","message":"n8n.workflow.started","payload":{"executionId":"16","workflowId":"6aIMlP6e7nk17REc","isManual":false,"workflowName":"Daily Fraud Report - FINAL"}}
{"__type":"$$EventMessageConfirm","confirm":"2b86e60e-81aa-4611-ada7-62667d2f45b3","ts":"2025-12-28T09:12:34.352-05:00","source":{"id":"0","name":"eventBus"}}
{"__type":"$$EventMessageNode","id":"911b388a-9b74-4cf7-9cbc-f9a0e7659682","ts":"2025-12-28T09:12:34.353-05:00","eventName":"n8n.node.started","message":"n8n.node.started","payload":{"workflowId":"6aIMlP6e7nk17REc","workflowName":"Daily Fraud Report - FINAL","executionId":"16","nodeType":"n8n-nodes-base.slack","nodeName":"Send to Slack","nodeId":"383e96c5-34ca-47c4-9efe-71600807dc7c"}}
{"__type":"$$EventMessageConfirm","confirm":"911b388a-9b74-4cf7-9cbc-f9a0e7659682","ts":"2025-12-28T09:12:34.354-05:00","source":{"id":"0","name":"eventBus"}}
{"__type":"$$EventMessageNode","id":"3e8f6863-5de9-41e3-b2db-ca250f14da11","ts":"2025-12-28T09:12:34.560-05:00","eventName":"n8n.node.finished","message":"n8n.node.finished","payload":{"workflowId":"6aIMlP6e7nk17REc","workflowName":"Daily Fraud Report - FINAL","executionId":"16","nodeType":"n8n-nodes-base.slack","nodeName":"Send to Slack","nodeId":"383e96c5-34ca-47c4-9efe-71600807dc7c"}}
{"__type":"$$EventMessageConfirm","confirm":"3e8f6863-5de9-41e3-b2db-ca250f14da11","ts":"2025-12-28T09:12:34.560-05:00","source":{"id":"0","name":"eventBus"}}
{"__type":"$$EventMessageWorkflow","id":"ec83f688-e88d-48f4-b2f3-32bca468cc56","ts":"2025-12-28T09:12:34.562-05:00","eventName":"n8n.workflow.failed","message":"n8n.workflow.failed","payload":{"userId":"940fa1a9-236b-4475-9616-ce47d20ec635","executionId":"16","success":false,"isManual":true,"workflowId":"6aIMlP6e7nk17REc","workflowName":"Daily Fraud Report - FINAL","lastNodeExecuted":"Send to Slack","errorNodeType":"n8n-nodes-base.slack","errorMessage":"Slack error response: \"channel_not_found\""}}
{"__type":"$$EventMessageConfirm","confirm":"ec83f688-e88d-48f4-b2f3-32bca468cc56","ts":"2025-12-28T09:12:34.562-05:00","source":{"id":"0","name":"eventBus"}}
{"__type":"$$EventMessageWorkflow","id":"ac2f33c5-0f3c-484c-add6-8270ebcd4f69","ts":"2025-12-28T09:12:52.995-05:00","eventName":"n8n.workflow.started","message":"n8n.workflow.started","payload":{"executionId":"17","workflowId":"6aIMlP6e7nk17REc","isManual":false,"workflowName":"Daily Fraud Report - FINAL"}}
{"__type":"$$EventMessageConfirm","confirm":"ac2f33c5-0f3c-484c-add6-8270ebcd4f69","ts":"2025-12-28T09:12:52.996-05:00","source":{"id":"0","name":"eventBus"}}
{"__type":"$$EventMessageNode","id":"361f6548-4b8b-40bd-a918-cb0d71c400a7","ts":"2025-12-28T09:12:52.997-05:00","eventName":"n8n.node.started","message":"n8n.node.started","payload":{"workflowId":"6aIMlP6e7nk17REc","workflowName":"Daily Fraud Report - FINAL","executionId":"17","nodeType":"n8n-nodes-base.slack","nodeName":"Send to Slack","nodeId":"383e96c5-34ca-47c4-9efe-71600807dc7c"}}
{"__type":"$$EventMessageConfirm","confirm":"361f6548-4b8b-40bd-a918-cb0d71c400a7","ts":"2025-12-28T09:12:52.997-05:00","source":{"id":"0","name":"eventBus"}}
{"__type":"$$EventMessageNode","id":"5d2f87fe-f961-43db-b14a-85f1457f578f","ts":"2025-12-28T09:12:53.266-05:00","eventName":"n8n.node.finished","message":"n8n.node.finished","payload":{"workflowId":"6aIMlP6e7nk17REc","workflowName":"Daily Fraud Report - FINAL","executionId":"17","nodeType":"n8n-nodes-base.slack","nodeName":"Send to Slack","nodeId":"383e96c5-34ca-47c4-9efe-71600807dc7c"}}
{"__type":"$$EventMessageConfirm","confirm":"5d2f87fe-f961-43db-b14a-85f1457f578f","ts":"2025-12-28T09:12:53.266-05:00","source":{"id":"0","name":"eventBus"}}
{"__type":"$$EventMessageWorkflow","id":"b04cad69-1a5b-4d7b-b7fb-82d3896171bc","ts":"2025-12-28T09:12:53.271-05:00","eventName":"n8n.workflow.success","message":"n8n.workflow.success","payload":{"userId":"940fa1a9-236b-4475-9616-ce47d20ec635","executionId":"17","success":true,"isManual":true,"workflowId":"6aIMlP6e7nk17REc","workflowName":"Daily Fraud Report - FINAL"}}
{"__type":"$$EventMessageConfirm","confirm":"b04cad69-1a5b-4d7b-b7fb-82d3896171bc","ts":"2025-12-28T09:12:53.271-05:00","source":{"id":"0","name":"eventBus"}}
